{
  "stats": {
    "suites": 1,
    "tests": 1,
    "passes": 1,
    "pending": 0,
    "failures": 0,
    "start": "2025-10-17T14:31:20.300Z",
    "end": "2025-10-17T14:31:34.276Z",
    "duration": 13976,
    "testsRegistered": 1,
    "passPercent": 100,
    "pendingPercent": 0,
    "other": 0,
    "hasOther": false,
    "skipped": 0,
    "hasSkipped": false
  },
  "results": [
    {
      "uuid": "1a643690-9bf3-4146-819a-6a04d3e14106",
      "title": "",
      "fullFile": "cypress/e2e/web/002 - E2E Buonny Check/001 - E2E Login/005.e2e-login-erros-BC.cy.js",
      "file": "cypress/e2e/web/002 - E2E Buonny Check/001 - E2E Login/005.e2e-login-erros-BC.cy.js",
      "beforeHooks": [],
      "afterHooks": [],
      "tests": [],
      "suites": [
        {
          "uuid": "aeb55aa3-9263-43bc-a2dc-6ec2907a4557",
          "title": "Buonny Check E2E - Login - credenciais inválidas'",
          "fullFile": "",
          "file": "",
          "beforeHooks": [],
          "afterHooks": [],
          "tests": [
            {
              "title": "sucesso",
              "fullTitle": "Buonny Check E2E - Login - credenciais inválidas' sucesso",
              "timedOut": null,
              "duration": 5411,
              "state": "passed",
              "speed": "medium",
              "pass": true,
              "fail": false,
              "pending": false,
              "context": null,
              "code": "cy.visit(\"https://tstbuonnycheck.buonny.com.br/#/signin\");\ncy.get(\"#mat-input-0\").type(Cypress.env(\"user_nameBC\"), {\n  log: false\n});\ncy.get(\"#mat-input-1\").type(`123`, {\n  log: false\n});\ncy.get(\".mat-card-actions > .mat-focus-indicator\").click({\n  timeout: 20000\n});\ncy.get(\".mat-error\", {\n  timeout: 20000\n}).should(\"have.text\", \"Usuário ou senha incorretos.\").should(\"be.visible\");",
              "err": {},
              "uuid": "f8fdba94-a2bd-4dba-8495-35a8a537a641",
              "parentUUID": "aeb55aa3-9263-43bc-a2dc-6ec2907a4557",
              "isHook": false,
              "skipped": false
            }
          ],
          "suites": [],
          "passes": [
            "f8fdba94-a2bd-4dba-8495-35a8a537a641"
          ],
          "failures": [],
          "pending": [],
          "skipped": [],
          "duration": 5411,
          "root": false,
          "rootEmpty": false,
          "_timeout": 2000
        }
      ],
      "passes": [],
      "failures": [],
      "pending": [],
      "skipped": [],
      "duration": 0,
      "root": true,
      "rootEmpty": true,
      "_timeout": 2000
    }
  ],
  "meta": {
    "mocha": {
      "version": "7.2.0"
    },
    "mochawesome": {
      "options": {
        "quiet": false,
        "reportFilename": "mochawesome",
        "saveHtml": true,
        "saveJson": true,
        "consoleReporter": "spec",
        "useInlineDiffs": false,
        "code": true
      },
      "version": "7.1.4"
    },
    "marge": {
      "options": {
        "reportDir": "cypress/results",
        "overwrite": false,
        "html": true,
        "json": true
      },
      "version": "6.3.0"
    }
  }
}