{
  "stats": {
    "suites": 1,
    "tests": 1,
    "passes": 1,
    "pending": 0,
    "failures": 0,
    "start": "2025-10-22T12:55:31.731Z",
    "end": "2025-10-22T12:55:56.280Z",
    "duration": 24549,
    "testsRegistered": 1,
    "passPercent": 100,
    "pendingPercent": 0,
    "other": 0,
    "hasOther": false,
    "skipped": 0,
    "hasSkipped": false
  },
  "results": [
    {
      "uuid": "ea9a33ee-5b22-491c-afd5-28f5d98c49b6",
      "title": "",
      "fullFile": "cypress/e2e/web/002 - E2E Buonny Check/001 - E2E Login/001.e2e-login-com-sucesso-BC.cy.js",
      "file": "cypress/e2e/web/002 - E2E Buonny Check/001 - E2E Login/001.e2e-login-com-sucesso-BC.cy.js",
      "beforeHooks": [],
      "afterHooks": [],
      "tests": [],
      "suites": [
        {
          "uuid": "3dcdf715-655d-4f63-b68e-9526b449eeaf",
          "title": "Buonny Check E2E - Login - credenciais válidas",
          "fullFile": "",
          "file": "",
          "beforeHooks": [],
          "afterHooks": [],
          "tests": [
            {
              "title": "Buonny Check E2E - Login BC sucesso",
              "fullTitle": "Buonny Check E2E - Login - credenciais válidas Buonny Check E2E - Login BC sucesso",
              "timedOut": null,
              "duration": 11576,
              "state": "passed",
              "speed": "slow",
              "pass": true,
              "fail": false,
              "pending": false,
              "context": null,
              "code": "cy.visit(\"https://tstbuonnycheck.buonny.com.br/#/signin\");\ncy.get(\"#mat-input-0\").type(Cypress.env(\"user_nameBC\"), {\n  log: false\n});\ncy.get(\"#mat-input-1\").type(Cypress.env(\"user_passwordBC\"), {\n  log: false\n});\ncy.get(\".mat-card-actions > .mat-focus-indicator\").click({\n  timeout: 20000\n});\ncy.url({\n  timeout: 40000\n}).should(\"include\", \"https://tstbuonnycheck.buonny.com.br/#/dashboard\");",
              "err": {},
              "uuid": "1d19590d-efb7-4777-9e86-74f9c4ffdd60",
              "parentUUID": "3dcdf715-655d-4f63-b68e-9526b449eeaf",
              "isHook": false,
              "skipped": false
            }
          ],
          "suites": [],
          "passes": [
            "1d19590d-efb7-4777-9e86-74f9c4ffdd60"
          ],
          "failures": [],
          "pending": [],
          "skipped": [],
          "duration": 11576,
          "root": false,
          "rootEmpty": false,
          "_timeout": 2000
        }
      ],
      "passes": [],
      "failures": [],
      "pending": [],
      "skipped": [],
      "duration": 0,
      "root": true,
      "rootEmpty": true,
      "_timeout": 2000
    }
  ],
  "meta": {
    "mocha": {
      "version": "7.2.0"
    },
    "mochawesome": {
      "options": {
        "quiet": false,
        "reportFilename": "mochawesome",
        "saveHtml": true,
        "saveJson": true,
        "consoleReporter": "spec",
        "useInlineDiffs": false,
        "code": true
      },
      "version": "7.1.4"
    },
    "marge": {
      "options": {
        "reportDir": "cypress/results",
        "overwrite": false,
        "html": true,
        "json": true
      },
      "version": "6.3.0"
    }
  }
}