{
  "stats": {
    "suites": 1,
    "tests": 2,
    "passes": 2,
    "pending": 0,
    "failures": 0,
    "testsRegistered": 2,
    "passPercent": 100,
    "pendingPercent": 0,
    "other": 0,
    "hasOther": false,
    "skipped": 0,
    "hasSkipped": false,
    "start": "2025-10-21T13:06:05.815Z",
    "end": "2025-10-21T13:06:31.588Z",
    "duration": 25773
  },
  "results": [
    {
      "uuid": "f0e6b6f1-9597-42ce-9e74-7165822ad6a4",
      "title": "",
      "fullFile": "cypress/e2e/web/001 - E2E Portal Buonny/001 - E2E Login/004.e2e-esqueci-minha-senha-PB.cy.js",
      "file": "cypress/e2e/web/001 - E2E Portal Buonny/001 - E2E Login/004.e2e-esqueci-minha-senha-PB.cy.js",
      "beforeHooks": [],
      "afterHooks": [],
      "tests": [],
      "suites": [
        {
          "uuid": "8d579ea4-f48e-4583-ba20-3ba768b47390",
          "title": "Portal Buonny E2E - Campo Esqueci Minha Senha",
          "fullFile": "",
          "file": "",
          "beforeHooks": [],
          "afterHooks": [],
          "tests": [
            {
              "title": "acessar, esqueci minha senha",
              "fullTitle": "Portal Buonny E2E - Campo Esqueci Minha Senha acessar, esqueci minha senha",
              "timedOut": null,
              "duration": 14652,
              "state": "passed",
              "speed": "slow",
              "pass": true,
              "fail": false,
              "pending": false,
              "context": null,
              "code": "cy.get(\".esqueci-senha\").click();\ncy.url().should(\"include\", \"/usuarios/esqueci_minha_senha\");\ncy.get(\"h1\").should(\"contain.text\", \"Esqueceu sua senha?\");",
              "err": {},
              "uuid": "ff601bf9-24c2-46cf-a188-ddfb7871a7a3",
              "parentUUID": "8d579ea4-f48e-4583-ba20-3ba768b47390",
              "isHook": false,
              "skipped": false
            },
            {
              "title": "recuperar senha, usuario inexistente",
              "fullTitle": "Portal Buonny E2E - Campo Esqueci Minha Senha recuperar senha, usuario inexistente",
              "timedOut": null,
              "duration": 9792,
              "state": "passed",
              "speed": "medium",
              "pass": true,
              "fail": false,
              "pending": false,
              "context": null,
              "code": "cy.visit(\"/usuarios/esqueci_minha_senha\");\ncy.get(\"#UsuarioApelido\").type(\"admin123\", {\n  log: false\n});\ncy.get(\".submit-button\").click();\ncy.get(\".help-block.error-message\").should(\"be.visible\").should(\"contain.text\", \"Usuário não encontrado\");",
              "err": {},
              "uuid": "fe6801b9-f259-4535-a7a0-2c9f86232d40",
              "parentUUID": "8d579ea4-f48e-4583-ba20-3ba768b47390",
              "isHook": false,
              "skipped": false
            }
          ],
          "suites": [],
          "passes": [
            "ff601bf9-24c2-46cf-a188-ddfb7871a7a3",
            "fe6801b9-f259-4535-a7a0-2c9f86232d40"
          ],
          "failures": [],
          "pending": [],
          "skipped": [],
          "duration": 24444,
          "root": false,
          "rootEmpty": false,
          "_timeout": 2000
        }
      ],
      "passes": [],
      "failures": [],
      "pending": [],
      "skipped": [],
      "duration": 0,
      "root": true,
      "rootEmpty": true,
      "_timeout": 2000
    }
  ],
  "meta": {
    "mocha": {
      "version": "7.2.0"
    },
    "mochawesome": {
      "options": {
        "quiet": false,
        "reportFilename": "mochawesome",
        "saveHtml": true,
        "saveJson": true,
        "consoleReporter": "spec",
        "useInlineDiffs": false,
        "code": true
      },
      "version": "7.1.4"
    },
    "marge": {
      "options": {
        "reportDir": "cypress/results",
        "overwrite": true,
        "html": true,
        "json": true
      },
      "version": "6.3.0"
    }
  }
}