{
  "stats": {
    "suites": 1,
    "tests": 2,
    "passes": 2,
    "pending": 0,
    "failures": 0,
    "start": "2025-10-17T19:13:06.757Z",
    "end": "2025-10-17T19:14:02.600Z",
    "duration": 55843,
    "testsRegistered": 2,
    "passPercent": 100,
    "pendingPercent": 0,
    "other": 0,
    "hasOther": false,
    "skipped": 0,
    "hasSkipped": false
  },
  "results": [
    {
      "uuid": "cda0f20b-66bc-4670-8c1b-709a307d5378",
      "title": "",
      "fullFile": "cypress/e2e/web/001 - E2E Portal Buonny/003 - E2E Alteração de SM/002 - Alteração de NF Produtos e Itinerários/002.e2e-alteracao-NF-Produtos-Itinerarios-erros.cy.js",
      "file": "cypress/e2e/web/001 - E2E Portal Buonny/003 - E2E Alteração de SM/002 - Alteração de NF Produtos e Itinerários/002.e2e-alteracao-NF-Produtos-Itinerarios-erros.cy.js",
      "beforeHooks": [],
      "afterHooks": [],
      "tests": [],
      "suites": [
        {
          "uuid": "c6ee126a-93ff-4627-8d67-a4ac429b0749",
          "title": "Portal Buonny E2E - Alteração de SM - Alterar Notas Fiscais, Produtos e Itinerários - erros",
          "fullFile": "",
          "file": "",
          "beforeHooks": [],
          "afterHooks": [],
          "tests": [
            {
              "title": "Validação do campo 'Cliente', na alteração de itinerários",
              "fullTitle": "Portal Buonny E2E - Alteração de SM - Alterar Notas Fiscais, Produtos e Itinerários - erros Validação do campo 'Cliente', na alteração de itinerários",
              "timedOut": null,
              "duration": 14082,
              "state": "passed",
              "speed": "slow",
              "pass": true,
              "fail": false,
              "pending": false,
              "context": null,
              "code": "cy.get(\"#TViagViagemCodigoCliente\").clear();\ncy.get(\"#TViagViagemViagCodigoSm\").clear();\ncy.get(\"input.btn\").click();\ncy.get(\".help-block\").should(\"contain\", \"Informe um cliente\");",
              "err": {},
              "uuid": "bfbc7d43-25bf-4045-ac85-d5c7d363452a",
              "parentUUID": "c6ee126a-93ff-4627-8d67-a4ac429b0749",
              "isHook": false,
              "skipped": false
            },
            {
              "title": "lnclusão de Itinerários, validação do campo 'Local Parada'",
              "fullTitle": "Portal Buonny E2E - Alteração de SM - Alterar Notas Fiscais, Produtos e Itinerários - erros lnclusão de Itinerários, validação do campo 'Local Parada'",
              "timedOut": null,
              "duration": 41248,
              "state": "passed",
              "speed": "slow",
              "pass": true,
              "fail": false,
              "pending": false,
              "context": null,
              "code": "cy.fixture(\"numeroSM\").then(data => {\n  const numeroSM = data.numeroSM;\n  cy.get(\"#TViagViagemCodigoCliente\").clear().type(\"87906\");\n  cy.get(\"#TViagViagemViagCodigoSm\").clear().type(numeroSM);\n  cy.get(\"input.btn\").click();\n  cy.get(\".icon-globe\", {\n    timeout: 10000\n  }).click();\n  cy.get(\".form-actions > .btn-success\").click();\n  cy.get(\".help-block\").should(\"contain\", \"Informe o destino da SM\");\n});",
              "err": {},
              "uuid": "e18320b6-ea66-4609-b1a5-b7cc2dde866f",
              "parentUUID": "c6ee126a-93ff-4627-8d67-a4ac429b0749",
              "isHook": false,
              "skipped": false
            }
          ],
          "suites": [],
          "passes": [
            "bfbc7d43-25bf-4045-ac85-d5c7d363452a",
            "e18320b6-ea66-4609-b1a5-b7cc2dde866f"
          ],
          "failures": [],
          "pending": [],
          "skipped": [],
          "duration": 55330,
          "root": false,
          "rootEmpty": false,
          "_timeout": 2000
        }
      ],
      "passes": [],
      "failures": [],
      "pending": [],
      "skipped": [],
      "duration": 0,
      "root": true,
      "rootEmpty": true,
      "_timeout": 2000
    }
  ],
  "meta": {
    "mocha": {
      "version": "7.2.0"
    },
    "mochawesome": {
      "options": {
        "quiet": false,
        "reportFilename": "mochawesome",
        "saveHtml": true,
        "saveJson": true,
        "consoleReporter": "spec",
        "useInlineDiffs": false,
        "code": true
      },
      "version": "7.1.4"
    },
    "marge": {
      "options": {
        "reportDir": "cypress/results",
        "overwrite": false,
        "html": true,
        "json": true
      },
      "version": "6.3.0"
    }
  }
}