{
  "stats": {
    "suites": 1,
    "tests": 1,
    "passes": 1,
    "pending": 0,
    "failures": 0,
    "start": "2025-10-14T11:53:54.801Z",
    "end": "2025-10-14T11:54:12.993Z",
    "duration": 18192,
    "testsRegistered": 1,
    "passPercent": 100,
    "pendingPercent": 0,
    "other": 0,
    "hasOther": false,
    "skipped": 0,
    "hasSkipped": false
  },
  "results": [
    {
      "uuid": "ed11a739-7361-4ba8-93b7-2cca5a247a68",
      "title": "",
      "fullFile": "cypress/e2e/web/002 - E2E Buonny Check/001 - E2E Login/003.e2e-esqueci-minha-senha-BC.cy.js",
      "file": "cypress/e2e/web/002 - E2E Buonny Check/001 - E2E Login/003.e2e-esqueci-minha-senha-BC.cy.js",
      "beforeHooks": [],
      "afterHooks": [],
      "tests": [],
      "suites": [
        {
          "uuid": "4657c5c1-fdfd-4b91-bf7d-decf0d303b4a",
          "title": "Buonny Check E2E - Login - Redirecionamento para a recuperação de senha",
          "fullFile": "",
          "file": "",
          "beforeHooks": [],
          "afterHooks": [],
          "tests": [
            {
              "title": "sucesso",
              "fullTitle": "Buonny Check E2E - Login - Redirecionamento para a recuperação de senha sucesso",
              "timedOut": null,
              "duration": 9048,
              "state": "passed",
              "speed": "medium",
              "pass": true,
              "fail": false,
              "pending": false,
              "context": null,
              "code": "cy.visit(\"https://tstbuonnycheck.buonny.com.br/#/signin\");\ncy.get('a[target=\"_blank\"]').invoke(\"removeAttr\", \"target\");\ncy.get(\"#mat-hint-0 > a\").click({\n  force: true\n});\ncy.origin(\"https://tstportal.buonny.com.br\", () => {\n  cy.url().should(\"include\", \"https://tstportal.buonny.com.br/portal/usuarios/esqueci_minha_senha\");\n});",
              "err": {},
              "uuid": "96828dc0-53bc-4378-b7fa-8b37bee46a4b",
              "parentUUID": "4657c5c1-fdfd-4b91-bf7d-decf0d303b4a",
              "isHook": false,
              "skipped": false
            }
          ],
          "suites": [],
          "passes": [
            "96828dc0-53bc-4378-b7fa-8b37bee46a4b"
          ],
          "failures": [],
          "pending": [],
          "skipped": [],
          "duration": 9048,
          "root": false,
          "rootEmpty": false,
          "_timeout": 2000
        }
      ],
      "passes": [],
      "failures": [],
      "pending": [],
      "skipped": [],
      "duration": 0,
      "root": true,
      "rootEmpty": true,
      "_timeout": 2000
    }
  ],
  "meta": {
    "mocha": {
      "version": "7.2.0"
    },
    "mochawesome": {
      "options": {
        "quiet": false,
        "reportFilename": "mochawesome",
        "saveHtml": true,
        "saveJson": true,
        "consoleReporter": "spec",
        "useInlineDiffs": false,
        "code": true
      },
      "version": "7.1.4"
    },
    "marge": {
      "options": {
        "reportDir": "cypress/results",
        "overwrite": false,
        "html": true,
        "json": true
      },
      "version": "6.3.0"
    }
  }
}