{
  "stats": {
    "suites": 1,
    "tests": 2,
    "passes": 2,
    "pending": 1,
    "failures": -1,
    "start": "2025-10-14T18:45:14.069Z",
    "end": "2025-10-14T18:45:31.327Z",
    "duration": 17258,
    "testsRegistered": 3,
    "passPercent": 100,
    "pendingPercent": 33.33333333333333,
    "other": 1,
    "hasOther": true,
    "skipped": 0,
    "hasSkipped": false
  },
  "results": [
    {
      "uuid": "04540877-efaf-412c-a9f2-238912a5149e",
      "title": "",
      "fullFile": "cypress/e2e/web/001 - E2E Portal Buonny/001 - E2E Login/004.e2e-esqueci-minha-senha-PB.cy.js",
      "file": "cypress/e2e/web/001 - E2E Portal Buonny/001 - E2E Login/004.e2e-esqueci-minha-senha-PB.cy.js",
      "beforeHooks": [],
      "afterHooks": [],
      "tests": [],
      "suites": [
        {
          "uuid": "de55c3f8-21bc-4a69-b227-4b77566a81ab",
          "title": "Portal Buonny E2E - Campo Esqueci Minha Senha",
          "fullFile": "",
          "file": "",
          "beforeHooks": [],
          "afterHooks": [],
          "tests": [
            {
              "title": "acessar, esqueci minha senha",
              "fullTitle": "Portal Buonny E2E - Campo Esqueci Minha Senha acessar, esqueci minha senha",
              "timedOut": null,
              "duration": 10282,
              "state": "passed",
              "speed": "slow",
              "pass": true,
              "fail": false,
              "pending": false,
              "context": null,
              "code": "cy.get(\".esqueci-senha\").click();\ncy.url().should(\"include\", \"/usuarios/esqueci_minha_senha\");\ncy.get(\"h1\").should(\"contain.text\", \"Esqueceu sua senha?\");",
              "err": {},
              "uuid": "24277424-4b2c-471b-92fb-4e22c6c8749a",
              "parentUUID": "de55c3f8-21bc-4a69-b227-4b77566a81ab",
              "isHook": false,
              "skipped": false
            },
            {
              "title": "recuperar senha, usuario existente",
              "fullTitle": "Portal Buonny E2E - Campo Esqueci Minha Senha recuperar senha, usuario existente",
              "timedOut": null,
              "duration": 0,
              "state": "pending",
              "speed": null,
              "pass": false,
              "fail": false,
              "pending": true,
              "context": null,
              "code": "cy.get(\".esqueci-senha\").click();\ncy.get(\"#UsuarioApelido\").type(Cypress.env(\"user_name\"), {\n  log: false\n});\ncy.get(\".submit-button\").click();\ncy.url().should(\"include\", \"/usuarios/informar_token\");\ncy.get(\".middle-box\").should(\"be.visible\");\ncy.get(\"h1\").should(\"contain.text\", \"Verificação de dispositivo\");\ncy.get(\"#email\").should(\"contain.text\", \"se*****il@buonny.com.br\");",
              "err": {},
              "uuid": "c7f5cbff-bb44-4ce7-9272-3f1c66fb1168",
              "parentUUID": "de55c3f8-21bc-4a69-b227-4b77566a81ab",
              "isHook": false,
              "skipped": false
            },
            {
              "title": "recuperar senha, usuario inexistente",
              "fullTitle": "Portal Buonny E2E - Campo Esqueci Minha Senha recuperar senha, usuario inexistente",
              "timedOut": null,
              "duration": 6501,
              "state": "passed",
              "speed": "medium",
              "pass": true,
              "fail": false,
              "pending": false,
              "context": null,
              "code": "cy.visit(\"/usuarios/esqueci_minha_senha\");\ncy.get(\"#UsuarioApelido\").type(\"admin123\", {\n  log: false\n});\ncy.get(\".submit-button\").click();\ncy.get(\".help-block.error-message\").should(\"be.visible\").should(\"contain.text\", \"Usuário não encontrado\");",
              "err": {},
              "uuid": "690c987e-1cd0-4f82-bc51-740a0aebe5dd",
              "parentUUID": "de55c3f8-21bc-4a69-b227-4b77566a81ab",
              "isHook": false,
              "skipped": false
            }
          ],
          "suites": [],
          "passes": [
            "24277424-4b2c-471b-92fb-4e22c6c8749a",
            "690c987e-1cd0-4f82-bc51-740a0aebe5dd"
          ],
          "failures": [],
          "pending": [
            "c7f5cbff-bb44-4ce7-9272-3f1c66fb1168"
          ],
          "skipped": [],
          "duration": 16783,
          "root": false,
          "rootEmpty": false,
          "_timeout": 2000
        }
      ],
      "passes": [],
      "failures": [],
      "pending": [],
      "skipped": [],
      "duration": 0,
      "root": true,
      "rootEmpty": true,
      "_timeout": 2000
    }
  ],
  "meta": {
    "mocha": {
      "version": "7.2.0"
    },
    "mochawesome": {
      "options": {
        "quiet": false,
        "reportFilename": "mochawesome",
        "saveHtml": true,
        "saveJson": true,
        "consoleReporter": "spec",
        "useInlineDiffs": false,
        "code": true
      },
      "version": "7.1.4"
    },
    "marge": {
      "options": {
        "reportDir": "cypress/results",
        "overwrite": false,
        "html": true,
        "json": true
      },
      "version": "6.3.0"
    }
  }
}