{
  "stats": {
    "suites": 1,
    "tests": 1,
    "passes": 1,
    "pending": 0,
    "failures": 0,
    "start": "2025-10-17T18:56:07.218Z",
    "end": "2025-10-17T18:56:34.915Z",
    "duration": 27697,
    "testsRegistered": 1,
    "passPercent": 100,
    "pendingPercent": 0,
    "other": 0,
    "hasOther": false,
    "skipped": 0,
    "hasSkipped": false
  },
  "results": [
    {
      "uuid": "81218b1d-4c79-4347-ab27-3f19503e772d",
      "title": "",
      "fullFile": "cypress/e2e/web/001 - E2E Portal Buonny/001 - E2E Login/001.e2e-login-PB.cy.js",
      "file": "cypress/e2e/web/001 - E2E Portal Buonny/001 - E2E Login/001.e2e-login-PB.cy.js",
      "beforeHooks": [],
      "afterHooks": [],
      "tests": [],
      "suites": [
        {
          "uuid": "8f988892-3200-41c3-9b63-dfc965663f7c",
          "title": "Portal Buonny E2E - Login com credenciais válidas",
          "fullFile": "",
          "file": "",
          "beforeHooks": [],
          "afterHooks": [],
          "tests": [
            {
              "title": "Login PB sucesso",
              "fullTitle": "Portal Buonny E2E - Login com credenciais válidas Login PB sucesso",
              "timedOut": null,
              "duration": 27195,
              "state": "passed",
              "speed": "slow",
              "pass": true,
              "fail": false,
              "pending": false,
              "context": null,
              "code": "const user = Cypress.env(\"user_name\");\nconst password = Cypress.env(\"user_password\");\nconst options = {\n  cacheSession: false\n};\ncy.login(user, password, options);\ncy.url().should(\"include\", \"/Painel/modulo_admin\");",
              "err": {},
              "uuid": "2e634ce0-a4f1-4e9d-af7a-e17fd97c8bec",
              "parentUUID": "8f988892-3200-41c3-9b63-dfc965663f7c",
              "isHook": false,
              "skipped": false
            }
          ],
          "suites": [],
          "passes": [
            "2e634ce0-a4f1-4e9d-af7a-e17fd97c8bec"
          ],
          "failures": [],
          "pending": [],
          "skipped": [],
          "duration": 27195,
          "root": false,
          "rootEmpty": false,
          "_timeout": 2000
        }
      ],
      "passes": [],
      "failures": [],
      "pending": [],
      "skipped": [],
      "duration": 0,
      "root": true,
      "rootEmpty": true,
      "_timeout": 2000
    }
  ],
  "meta": {
    "mocha": {
      "version": "7.2.0"
    },
    "mochawesome": {
      "options": {
        "quiet": false,
        "reportFilename": "mochawesome",
        "saveHtml": true,
        "saveJson": true,
        "consoleReporter": "spec",
        "useInlineDiffs": false,
        "code": true
      },
      "version": "7.1.4"
    },
    "marge": {
      "options": {
        "reportDir": "cypress/results",
        "overwrite": false,
        "html": true,
        "json": true
      },
      "version": "6.3.0"
    }
  }
}