{
  "stats": {
    "suites": 1,
    "tests": 2,
    "passes": 2,
    "pending": 0,
    "failures": 0,
    "start": "2025-10-14T11:42:55.708Z",
    "end": "2025-10-14T11:43:26.052Z",
    "duration": 30344,
    "testsRegistered": 2,
    "passPercent": 100,
    "pendingPercent": 0,
    "other": 0,
    "hasOther": false,
    "skipped": 0,
    "hasSkipped": false
  },
  "results": [
    {
      "uuid": "0c67f915-34e5-4f85-875f-96eaadc938bd",
      "title": "",
      "fullFile": "cypress/e2e/web/001 - E2E Portal Buonny/001 - E2E Login/003.e2e-login-erros-PB.cy.js",
      "file": "cypress/e2e/web/001 - E2E Portal Buonny/001 - E2E Login/003.e2e-login-erros-PB.cy.js",
      "beforeHooks": [],
      "afterHooks": [],
      "tests": [],
      "suites": [
        {
          "uuid": "c58548ac-5ed9-4aac-873e-8484bbc9fb38",
          "title": "Portal Buonny E2E - Login erros",
          "fullFile": "",
          "file": "",
          "beforeHooks": [],
          "afterHooks": [],
          "tests": [
            {
              "title": "login, inválido",
              "fullTitle": "Portal Buonny E2E - Login erros login, inválido",
              "timedOut": null,
              "duration": 20212,
              "state": "passed",
              "speed": "slow",
              "pass": true,
              "fail": false,
              "pending": false,
              "context": null,
              "code": "cy.get(\"#usuario\").type(Cypress.env(\"user_name\"), {\n  log: false\n});\ncy.get(\"#senha\").type(\"admin123\"), {\n  log: false\n};\ncy.get(\".entrar\").click();\ncy.get(\".alert > p\").should(\"be.visible\").and(\"contain.text\", \"Usuário e/ou senha inválidos.\");",
              "err": {},
              "uuid": "9dfc8eec-441b-4a2f-a500-8d4b0cb10e2f",
              "parentUUID": "c58548ac-5ed9-4aac-873e-8484bbc9fb38",
              "isHook": false,
              "skipped": false
            },
            {
              "title": "login, captcha inválido",
              "fullTitle": "Portal Buonny E2E - Login erros login, captcha inválido",
              "timedOut": null,
              "duration": 9628,
              "state": "passed",
              "speed": "medium",
              "pass": true,
              "fail": false,
              "pending": false,
              "context": null,
              "code": "cy.get(\"#usuario\").type(\"admin\", {\n  log: false\n});\ncy.get(\"#senha\").type(\"admin123\", {\n  log: false\n});\ncy.get(\".entrar\").click();\ncy.get(\".alert > p\").should(\"be.visible\").and(\"contain.text\", \"Captcha inválido. Por favor, tente novamente.\");",
              "err": {},
              "uuid": "3fadd104-c7e7-4b4f-9060-521ddf9e2758",
              "parentUUID": "c58548ac-5ed9-4aac-873e-8484bbc9fb38",
              "isHook": false,
              "skipped": false
            }
          ],
          "suites": [],
          "passes": [
            "9dfc8eec-441b-4a2f-a500-8d4b0cb10e2f",
            "3fadd104-c7e7-4b4f-9060-521ddf9e2758"
          ],
          "failures": [],
          "pending": [],
          "skipped": [],
          "duration": 29840,
          "root": false,
          "rootEmpty": false,
          "_timeout": 2000
        }
      ],
      "passes": [],
      "failures": [],
      "pending": [],
      "skipped": [],
      "duration": 0,
      "root": true,
      "rootEmpty": true,
      "_timeout": 2000
    }
  ],
  "meta": {
    "mocha": {
      "version": "7.2.0"
    },
    "mochawesome": {
      "options": {
        "quiet": false,
        "reportFilename": "mochawesome",
        "saveHtml": true,
        "saveJson": true,
        "consoleReporter": "spec",
        "useInlineDiffs": false,
        "code": true
      },
      "version": "7.1.4"
    },
    "marge": {
      "options": {
        "reportDir": "cypress/results",
        "overwrite": false,
        "html": true,
        "json": true
      },
      "version": "6.3.0"
    }
  }
}