{
  "stats": {
    "suites": 1,
    "tests": 2,
    "passes": 2,
    "pending": 0,
    "failures": 0,
    "start": "2025-10-17T12:31:54.091Z",
    "end": "2025-10-17T12:32:21.440Z",
    "duration": 27349,
    "testsRegistered": 2,
    "passPercent": 100,
    "pendingPercent": 0,
    "other": 0,
    "hasOther": false,
    "skipped": 0,
    "hasSkipped": false
  },
  "results": [
    {
      "uuid": "37af4ebe-22f8-4843-ada3-85a378587b4e",
      "title": "",
      "fullFile": "cypress/e2e/web/001 - E2E Portal Buonny/001 - E2E Login/003.e2e-login-erros-PB.cy.js",
      "file": "cypress/e2e/web/001 - E2E Portal Buonny/001 - E2E Login/003.e2e-login-erros-PB.cy.js",
      "beforeHooks": [],
      "afterHooks": [],
      "tests": [],
      "suites": [
        {
          "uuid": "16c7d553-ebc4-4e06-908c-20ec267302ba",
          "title": "Portal Buonny E2E - Login erros",
          "fullFile": "",
          "file": "",
          "beforeHooks": [],
          "afterHooks": [],
          "tests": [
            {
              "title": "login, inválido",
              "fullTitle": "Portal Buonny E2E - Login erros login, inválido",
              "timedOut": null,
              "duration": 17485,
              "state": "passed",
              "speed": "slow",
              "pass": true,
              "fail": false,
              "pending": false,
              "context": null,
              "code": "cy.get(\"#usuario\").type(Cypress.env(\"user_name\"), {\n  log: false\n});\ncy.get(\"#senha\").type(\"admin123\"), {\n  log: false\n};\ncy.get(\".entrar\").click();\ncy.get(\".alert > p\").should(\"be.visible\").and(\"contain.text\", \"Usuário e/ou senha inválidos.\");",
              "err": {},
              "uuid": "81a52d80-d85b-4414-bfeb-c4d410794dec",
              "parentUUID": "16c7d553-ebc4-4e06-908c-20ec267302ba",
              "isHook": false,
              "skipped": false
            },
            {
              "title": "login, captcha inválido",
              "fullTitle": "Portal Buonny E2E - Login erros login, captcha inválido",
              "timedOut": null,
              "duration": 9618,
              "state": "passed",
              "speed": "medium",
              "pass": true,
              "fail": false,
              "pending": false,
              "context": null,
              "code": "cy.get(\"#usuario\").type(\"admin\", {\n  log: false\n});\ncy.get(\"#senha\").type(\"admin123\", {\n  log: false\n});\ncy.get(\".entrar\").click();\ncy.get(\".alert > p\").should(\"be.visible\").and(\"contain.text\", \"Captcha inválido. Por favor, tente novamente.\");",
              "err": {},
              "uuid": "6b360c38-39d0-43ed-a1b4-f9ca9a50061a",
              "parentUUID": "16c7d553-ebc4-4e06-908c-20ec267302ba",
              "isHook": false,
              "skipped": false
            }
          ],
          "suites": [],
          "passes": [
            "81a52d80-d85b-4414-bfeb-c4d410794dec",
            "6b360c38-39d0-43ed-a1b4-f9ca9a50061a"
          ],
          "failures": [],
          "pending": [],
          "skipped": [],
          "duration": 27103,
          "root": false,
          "rootEmpty": false,
          "_timeout": 2000
        }
      ],
      "passes": [],
      "failures": [],
      "pending": [],
      "skipped": [],
      "duration": 0,
      "root": true,
      "rootEmpty": true,
      "_timeout": 2000
    }
  ],
  "meta": {
    "mocha": {
      "version": "7.2.0"
    },
    "mochawesome": {
      "options": {
        "quiet": false,
        "reportFilename": "mochawesome",
        "saveHtml": true,
        "saveJson": true,
        "consoleReporter": "spec",
        "useInlineDiffs": false,
        "code": true
      },
      "version": "7.1.4"
    },
    "marge": {
      "options": {
        "reportDir": "cypress/results",
        "overwrite": false,
        "html": true,
        "json": true
      },
      "version": "6.3.0"
    }
  }
}