{
  "stats": {
    "suites": 1,
    "tests": 1,
    "passes": 1,
    "pending": 0,
    "failures": 0,
    "start": "2025-10-17T19:23:37.455Z",
    "end": "2025-10-17T19:23:58.407Z",
    "duration": 20952,
    "testsRegistered": 1,
    "passPercent": 100,
    "pendingPercent": 0,
    "other": 0,
    "hasOther": false,
    "skipped": 0,
    "hasSkipped": false
  },
  "results": [
    {
      "uuid": "f9f24548-5d81-454f-bcca-6d98be0af413",
      "title": "",
      "fullFile": "cypress/e2e/web/002 - E2E Buonny Check/001 - E2E Login/002.e2e-logout-com-sucesso-BC.cy.js",
      "file": "cypress/e2e/web/002 - E2E Buonny Check/001 - E2E Login/002.e2e-logout-com-sucesso-BC.cy.js",
      "beforeHooks": [],
      "afterHooks": [],
      "tests": [],
      "suites": [
        {
          "uuid": "b0718b3c-ee88-438f-a6e4-10fd3c79f496",
          "title": "Buonny Check E2E - Login - Logout com sucesso",
          "fullFile": "",
          "file": "",
          "beforeHooks": [],
          "afterHooks": [],
          "tests": [
            {
              "title": "sucesso",
              "fullTitle": "Buonny Check E2E - Login - Logout com sucesso sucesso",
              "timedOut": null,
              "duration": 12129,
              "state": "passed",
              "speed": "slow",
              "pass": true,
              "fail": false,
              "pending": false,
              "context": null,
              "code": "cy.get(\".mat-menu-trigger > .mat-button-wrapper > .mat-icon\", {\n  timeout: 20000\n}).click();\ncy.get(\".mat-menu-content > :nth-child(3)\").click();\ncy.url({\n  timeout: 20000\n}).should(\"include\", \"https://tstbuonnycheck.buonny.com.br/#/signin\");",
              "err": {},
              "uuid": "bddc336f-6b29-4966-b968-9a696e32932f",
              "parentUUID": "b0718b3c-ee88-438f-a6e4-10fd3c79f496",
              "isHook": false,
              "skipped": false
            }
          ],
          "suites": [],
          "passes": [
            "bddc336f-6b29-4966-b968-9a696e32932f"
          ],
          "failures": [],
          "pending": [],
          "skipped": [],
          "duration": 12129,
          "root": false,
          "rootEmpty": false,
          "_timeout": 2000
        }
      ],
      "passes": [],
      "failures": [],
      "pending": [],
      "skipped": [],
      "duration": 0,
      "root": true,
      "rootEmpty": true,
      "_timeout": 2000
    }
  ],
  "meta": {
    "mocha": {
      "version": "7.2.0"
    },
    "mochawesome": {
      "options": {
        "quiet": false,
        "reportFilename": "mochawesome",
        "saveHtml": true,
        "saveJson": true,
        "consoleReporter": "spec",
        "useInlineDiffs": false,
        "code": true
      },
      "version": "7.1.4"
    },
    "marge": {
      "options": {
        "reportDir": "cypress/results",
        "overwrite": false,
        "html": true,
        "json": true
      },
      "version": "6.3.0"
    }
  }
}