{
  "stats": {
    "suites": 1,
    "tests": 2,
    "passes": 2,
    "pending": 0,
    "failures": 0,
    "start": "2025-10-22T12:29:06.015Z",
    "end": "2025-10-22T12:29:21.670Z",
    "duration": 15655,
    "testsRegistered": 2,
    "passPercent": 100,
    "pendingPercent": 0,
    "other": 0,
    "hasOther": false,
    "skipped": 0,
    "hasSkipped": false
  },
  "results": [
    {
      "uuid": "51d6ae22-81fa-4c5f-b2f6-c0e526d309bd",
      "title": "",
      "fullFile": "cypress/e2e/web/001 - E2E Portal Buonny/001 - E2E Login/004.e2e-esqueci-minha-senha-PB.cy.js",
      "file": "cypress/e2e/web/001 - E2E Portal Buonny/001 - E2E Login/004.e2e-esqueci-minha-senha-PB.cy.js",
      "beforeHooks": [],
      "afterHooks": [],
      "tests": [],
      "suites": [
        {
          "uuid": "02f9a18b-4217-41dd-a77b-e5eba7463d19",
          "title": "Portal Buonny E2E - Campo Esqueci Minha Senha",
          "fullFile": "",
          "file": "",
          "beforeHooks": [],
          "afterHooks": [],
          "tests": [
            {
              "title": "acessar, esqueci minha senha",
              "fullTitle": "Portal Buonny E2E - Campo Esqueci Minha Senha acessar, esqueci minha senha",
              "timedOut": null,
              "duration": 7206,
              "state": "passed",
              "speed": "medium",
              "pass": true,
              "fail": false,
              "pending": false,
              "context": null,
              "code": "cy.get(\".esqueci-senha\").click();\ncy.url().should(\"include\", \"/usuarios/esqueci_minha_senha\");\ncy.get(\"h1\").should(\"contain.text\", \"Esqueceu sua senha?\");",
              "err": {},
              "uuid": "8965d410-0f59-4e18-be96-87d45f2565b9",
              "parentUUID": "02f9a18b-4217-41dd-a77b-e5eba7463d19",
              "isHook": false,
              "skipped": false
            },
            {
              "title": "recuperar senha, usuario inexistente",
              "fullTitle": "Portal Buonny E2E - Campo Esqueci Minha Senha recuperar senha, usuario inexistente",
              "timedOut": null,
              "duration": 7915,
              "state": "passed",
              "speed": "medium",
              "pass": true,
              "fail": false,
              "pending": false,
              "context": null,
              "code": "cy.visit(\"/usuarios/esqueci_minha_senha\");\ncy.get(\"#UsuarioApelido\").type(\"admin123\", {\n  log: false\n});\ncy.get(\".submit-button\").click();\ncy.get(\".help-block.error-message\").should(\"be.visible\").should(\"contain.text\", \"Usuário não encontrado\");",
              "err": {},
              "uuid": "34d40cf9-41c1-4f24-a35a-67d9b19eba7f",
              "parentUUID": "02f9a18b-4217-41dd-a77b-e5eba7463d19",
              "isHook": false,
              "skipped": false
            }
          ],
          "suites": [],
          "passes": [
            "8965d410-0f59-4e18-be96-87d45f2565b9",
            "34d40cf9-41c1-4f24-a35a-67d9b19eba7f"
          ],
          "failures": [],
          "pending": [],
          "skipped": [],
          "duration": 15121,
          "root": false,
          "rootEmpty": false,
          "_timeout": 2000
        }
      ],
      "passes": [],
      "failures": [],
      "pending": [],
      "skipped": [],
      "duration": 0,
      "root": true,
      "rootEmpty": true,
      "_timeout": 2000
    }
  ],
  "meta": {
    "mocha": {
      "version": "7.2.0"
    },
    "mochawesome": {
      "options": {
        "quiet": false,
        "reportFilename": "mochawesome",
        "saveHtml": true,
        "saveJson": true,
        "consoleReporter": "spec",
        "useInlineDiffs": false,
        "code": true
      },
      "version": "7.1.4"
    },
    "marge": {
      "options": {
        "reportDir": "cypress/results",
        "overwrite": false,
        "html": true,
        "json": true
      },
      "version": "6.3.0"
    }
  }
}