{
  "stats": {
    "suites": 1,
    "tests": 2,
    "passes": 2,
    "pending": 0,
    "failures": 0,
    "start": "2025-10-24T19:04:22.694Z",
    "end": "2025-10-24T19:05:19.759Z",
    "duration": 57065,
    "testsRegistered": 2,
    "passPercent": 100,
    "pendingPercent": 0,
    "other": 0,
    "hasOther": false,
    "skipped": 0,
    "hasSkipped": false
  },
  "results": [
    {
      "uuid": "e0028733-42e1-4d21-af69-7cf3ea6ca724",
      "title": "",
      "fullFile": "cypress/e2e/web/001 - E2E Portal Buonny/002 - Portal 2/002 - E2E Alteração de SM/002 - Alteração de NF Produtos e Itinerários/008.e2e-alteracao-NF-Produtos-Itinerarios-erros.cy.js",
      "file": "cypress/e2e/web/001 - E2E Portal Buonny/002 - Portal 2/002 - E2E Alteração de SM/002 - Alteração de NF Produtos e Itinerários/008.e2e-alteracao-NF-Produtos-Itinerarios-erros.cy.js",
      "beforeHooks": [],
      "afterHooks": [],
      "tests": [],
      "suites": [
        {
          "uuid": "2babd6b9-a724-4499-8099-ce6d8fa38a6a",
          "title": "Portal Buonny E2E - Alteração de SM - Alterar Notas Fiscais, Produtos e Itinerários - erros",
          "fullFile": "",
          "file": "",
          "beforeHooks": [],
          "afterHooks": [],
          "tests": [
            {
              "title": "Validação do campo 'Cliente', na alteração de itinerários",
              "fullTitle": "Portal Buonny E2E - Alteração de SM - Alterar Notas Fiscais, Produtos e Itinerários - erros Validação do campo 'Cliente', na alteração de itinerários",
              "timedOut": null,
              "duration": 22457,
              "state": "passed",
              "speed": "slow",
              "pass": true,
              "fail": false,
              "pending": false,
              "context": null,
              "code": "cy.get(\"#TViagViagemCodigoCliente\").clear();\ncy.get(\"#TViagViagemViagCodigoSm\").clear();\ncy.get(\"input.btn\").click();\ncy.get(\".help-block\").should(\"contain\", \"Informe um cliente\");",
              "err": {},
              "uuid": "d250e43e-e18b-4ee7-9f06-68c0bf78ec76",
              "parentUUID": "2babd6b9-a724-4499-8099-ce6d8fa38a6a",
              "isHook": false,
              "skipped": false
            },
            {
              "title": "lnclusão de Itinerários, validação do campo 'Local Parada'",
              "fullTitle": "Portal Buonny E2E - Alteração de SM - Alterar Notas Fiscais, Produtos e Itinerários - erros lnclusão de Itinerários, validação do campo 'Local Parada'",
              "timedOut": null,
              "duration": 34132,
              "state": "passed",
              "speed": "slow",
              "pass": true,
              "fail": false,
              "pending": false,
              "context": null,
              "code": "cy.fixture(\"numeroSM\").then(data => {\n  const numeroSM = data.numeroSM;\n  cy.get(\"#TViagViagemCodigoCliente\").clear().type(\"87906\");\n  cy.get(\"#TViagViagemViagCodigoSm\").clear().type(numeroSM);\n  cy.get(\"input.btn\").click();\n  cy.get(\".icon-globe\", {\n    timeout: 10000\n  }).click();\n  cy.get(\".form-actions > .btn-success\").click();\n  cy.get(\".help-block\").should(\"contain\", \"Informe o destino da SM\");\n});",
              "err": {},
              "uuid": "1a8f860c-e741-4bd2-9ec1-023559e6f7d8",
              "parentUUID": "2babd6b9-a724-4499-8099-ce6d8fa38a6a",
              "isHook": false,
              "skipped": false
            }
          ],
          "suites": [],
          "passes": [
            "d250e43e-e18b-4ee7-9f06-68c0bf78ec76",
            "1a8f860c-e741-4bd2-9ec1-023559e6f7d8"
          ],
          "failures": [],
          "pending": [],
          "skipped": [],
          "duration": 56589,
          "root": false,
          "rootEmpty": false,
          "_timeout": 2000
        }
      ],
      "passes": [],
      "failures": [],
      "pending": [],
      "skipped": [],
      "duration": 0,
      "root": true,
      "rootEmpty": true,
      "_timeout": 2000
    }
  ],
  "meta": {
    "mocha": {
      "version": "7.2.0"
    },
    "mochawesome": {
      "options": {
        "quiet": false,
        "reportFilename": "mochawesome",
        "saveHtml": false,
        "saveJson": true,
        "consoleReporter": "spec",
        "useInlineDiffs": false,
        "code": true
      },
      "version": "7.1.4"
    },
    "marge": {
      "options": {
        "reportDir": "cypress/results",
        "overwrite": false,
        "html": false,
        "json": true
      },
      "version": "6.3.0"
    }
  }
}