{
  "stats": {
    "suites": 1,
    "tests": 1,
    "passes": 1,
    "pending": 0,
    "failures": 0,
    "start": "2025-10-16T18:51:56.810Z",
    "end": "2025-10-16T18:52:14.369Z",
    "duration": 17559,
    "testsRegistered": 1,
    "passPercent": 100,
    "pendingPercent": 0,
    "other": 0,
    "hasOther": false,
    "skipped": 0,
    "hasSkipped": false
  },
  "results": [
    {
      "uuid": "8cdcf7a7-48cc-45c7-9cfd-f07ebbcced94",
      "title": "",
      "fullFile": "cypress/e2e/web/002 - E2E Buonny Check/001 - E2E Login/001.e2e-login-com-sucesso-BC.cy.js",
      "file": "cypress/e2e/web/002 - E2E Buonny Check/001 - E2E Login/001.e2e-login-com-sucesso-BC.cy.js",
      "beforeHooks": [],
      "afterHooks": [],
      "tests": [],
      "suites": [
        {
          "uuid": "6fb18432-e6bf-414f-b99e-e45ae3e6e044",
          "title": "Buonny Check E2E - Login - credenciais válidas",
          "fullFile": "",
          "file": "",
          "beforeHooks": [],
          "afterHooks": [],
          "tests": [
            {
              "title": "Buonny Check E2E - Login BC sucesso",
              "fullTitle": "Buonny Check E2E - Login - credenciais válidas Buonny Check E2E - Login BC sucesso",
              "timedOut": null,
              "duration": 9001,
              "state": "passed",
              "speed": "medium",
              "pass": true,
              "fail": false,
              "pending": false,
              "context": null,
              "code": "cy.visit(\"https://tstbuonnycheck.buonny.com.br/#/signin\");\ncy.get(\"#mat-input-0\").type(Cypress.env(\"user_nameBC\"), {\n  log: false\n});\ncy.get(\"#mat-input-1\").type(Cypress.env(\"user_passwordBC\"), {\n  log: false\n});\ncy.get(\".mat-card-actions > .mat-focus-indicator\").click({\n  timeout: 20000\n});\ncy.url({\n  timeout: 40000\n}).should(\"include\", \"https://tstbuonnycheck.buonny.com.br/#/dashboard\");",
              "err": {},
              "uuid": "0be217a3-42b5-4cea-adbc-364efcf3b7fb",
              "parentUUID": "6fb18432-e6bf-414f-b99e-e45ae3e6e044",
              "isHook": false,
              "skipped": false
            }
          ],
          "suites": [],
          "passes": [
            "0be217a3-42b5-4cea-adbc-364efcf3b7fb"
          ],
          "failures": [],
          "pending": [],
          "skipped": [],
          "duration": 9001,
          "root": false,
          "rootEmpty": false,
          "_timeout": 2000
        }
      ],
      "passes": [],
      "failures": [],
      "pending": [],
      "skipped": [],
      "duration": 0,
      "root": true,
      "rootEmpty": true,
      "_timeout": 2000
    }
  ],
  "meta": {
    "mocha": {
      "version": "7.2.0"
    },
    "mochawesome": {
      "options": {
        "quiet": false,
        "reportFilename": "mochawesome",
        "saveHtml": true,
        "saveJson": true,
        "consoleReporter": "spec",
        "useInlineDiffs": false,
        "code": true
      },
      "version": "7.1.4"
    },
    "marge": {
      "options": {
        "reportDir": "cypress/results",
        "overwrite": false,
        "html": true,
        "json": true
      },
      "version": "6.3.0"
    }
  }
}