{
  "stats": {
    "suites": 8,
    "tests": 8,
    "passes": 8,
    "pending": 0,
    "failures": 0,
    "testsRegistered": 8,
    "passPercent": 100,
    "pendingPercent": 0,
    "other": 0,
    "hasOther": false,
    "skipped": 0,
    "hasSkipped": false,
    "start": "2025-10-21T12:12:54.533Z",
    "end": "2025-10-21T12:22:55.803Z",
    "duration": 601270
  },
  "results": [
    {
      "uuid": "63e559a9-3fb0-4522-958b-31bae8c35aeb",
      "title": "",
      "fullFile": "cypress/e2e/web/002 - E2E Buonny Check/001 - E2E Login/001.e2e-login-com-sucesso-BC.cy.js",
      "file": "cypress/e2e/web/002 - E2E Buonny Check/001 - E2E Login/001.e2e-login-com-sucesso-BC.cy.js",
      "beforeHooks": [],
      "afterHooks": [],
      "tests": [],
      "suites": [
        {
          "uuid": "95751371-45a0-4ead-8599-72fed2ed9143",
          "title": "Buonny Check E2E - Login - credenciais válidas",
          "fullFile": "",
          "file": "",
          "beforeHooks": [],
          "afterHooks": [],
          "tests": [
            {
              "title": "Buonny Check E2E - Login BC sucesso",
              "fullTitle": "Buonny Check E2E - Login - credenciais válidas Buonny Check E2E - Login BC sucesso",
              "timedOut": null,
              "duration": 26373,
              "state": "passed",
              "speed": "slow",
              "pass": true,
              "fail": false,
              "pending": false,
              "context": null,
              "code": "cy.visit(\"https://tstbuonnycheck.buonny.com.br/#/signin\");\ncy.get(\"#mat-input-0\").type(Cypress.env(\"user_nameBC\"), {\n  log: false\n});\ncy.get(\"#mat-input-1\").type(Cypress.env(\"user_passwordBC\"), {\n  log: false\n});\ncy.get(\".mat-card-actions > .mat-focus-indicator\").click({\n  timeout: 20000\n});\ncy.url({\n  timeout: 40000\n}).should(\"include\", \"https://tstbuonnycheck.buonny.com.br/#/dashboard\");",
              "err": {},
              "uuid": "bf1be791-e7b4-4ad0-8175-540e3eccd993",
              "parentUUID": "95751371-45a0-4ead-8599-72fed2ed9143",
              "isHook": false,
              "skipped": false
            }
          ],
          "suites": [],
          "passes": [
            "bf1be791-e7b4-4ad0-8175-540e3eccd993"
          ],
          "failures": [],
          "pending": [],
          "skipped": [],
          "duration": 26373,
          "root": false,
          "rootEmpty": false,
          "_timeout": 2000
        }
      ],
      "passes": [],
      "failures": [],
      "pending": [],
      "skipped": [],
      "duration": 0,
      "root": true,
      "rootEmpty": true,
      "_timeout": 2000
    },
    {
      "uuid": "e1f9ca47-e5c7-4d8e-88ef-aa9636191632",
      "title": "",
      "fullFile": "cypress/e2e/web/002 - E2E Buonny Check/001 - E2E Login/002.e2e-logout-com-sucesso-BC.cy.js",
      "file": "cypress/e2e/web/002 - E2E Buonny Check/001 - E2E Login/002.e2e-logout-com-sucesso-BC.cy.js",
      "beforeHooks": [],
      "afterHooks": [],
      "tests": [],
      "suites": [
        {
          "uuid": "a989eaad-8f93-408c-b468-2d8eb15ff84b",
          "title": "Buonny Check E2E - Login - Logout com sucesso",
          "fullFile": "",
          "file": "",
          "beforeHooks": [],
          "afterHooks": [],
          "tests": [
            {
              "title": "sucesso",
              "fullTitle": "Buonny Check E2E - Login - Logout com sucesso sucesso",
              "timedOut": null,
              "duration": 19293,
              "state": "passed",
              "speed": "slow",
              "pass": true,
              "fail": false,
              "pending": false,
              "context": null,
              "code": "cy.get(\".mat-menu-trigger > .mat-button-wrapper > .mat-icon\", {\n  timeout: 20000\n}).click();\ncy.get(\".mat-menu-content > :nth-child(3)\").click();\ncy.url({\n  timeout: 20000\n}).should(\"include\", \"https://tstbuonnycheck.buonny.com.br/#/signin\");",
              "err": {},
              "uuid": "cbc4aebd-32d5-4122-8301-d633ca53521a",
              "parentUUID": "a989eaad-8f93-408c-b468-2d8eb15ff84b",
              "isHook": false,
              "skipped": false
            }
          ],
          "suites": [],
          "passes": [
            "cbc4aebd-32d5-4122-8301-d633ca53521a"
          ],
          "failures": [],
          "pending": [],
          "skipped": [],
          "duration": 19293,
          "root": false,
          "rootEmpty": false,
          "_timeout": 2000
        }
      ],
      "passes": [],
      "failures": [],
      "pending": [],
      "skipped": [],
      "duration": 0,
      "root": true,
      "rootEmpty": true,
      "_timeout": 2000
    },
    {
      "uuid": "798800ef-a2e2-4ca1-a067-f9d053b61f7f",
      "title": "",
      "fullFile": "cypress/e2e/web/002 - E2E Buonny Check/001 - E2E Login/003.e2e-esqueci-minha-senha-BC.cy.js",
      "file": "cypress/e2e/web/002 - E2E Buonny Check/001 - E2E Login/003.e2e-esqueci-minha-senha-BC.cy.js",
      "beforeHooks": [],
      "afterHooks": [],
      "tests": [],
      "suites": [
        {
          "uuid": "77dab64e-16a9-4d6f-b25d-9c45834fc440",
          "title": "Buonny Check E2E - Login - Redirecionamento para a recuperação de senha",
          "fullFile": "",
          "file": "",
          "beforeHooks": [],
          "afterHooks": [],
          "tests": [
            {
              "title": "sucesso",
              "fullTitle": "Buonny Check E2E - Login - Redirecionamento para a recuperação de senha sucesso",
              "timedOut": null,
              "duration": 19437,
              "state": "passed",
              "speed": "slow",
              "pass": true,
              "fail": false,
              "pending": false,
              "context": null,
              "code": "cy.visit(\"https://tstbuonnycheck.buonny.com.br/#/signin\");\ncy.get('a[target=\"_blank\"]').invoke(\"removeAttr\", \"target\");\ncy.get(\"#mat-hint-0 > a\").click({\n  force: true\n});\ncy.origin(\"https://tstportal.buonny.com.br\", () => {\n  cy.url().should(\"include\", \"https://tstportal.buonny.com.br/portal/usuarios/esqueci_minha_senha\");\n});",
              "err": {},
              "uuid": "f9309488-b78f-44d0-9133-f0838f811ddb",
              "parentUUID": "77dab64e-16a9-4d6f-b25d-9c45834fc440",
              "isHook": false,
              "skipped": false
            }
          ],
          "suites": [],
          "passes": [
            "f9309488-b78f-44d0-9133-f0838f811ddb"
          ],
          "failures": [],
          "pending": [],
          "skipped": [],
          "duration": 19437,
          "root": false,
          "rootEmpty": false,
          "_timeout": 2000
        }
      ],
      "passes": [],
      "failures": [],
      "pending": [],
      "skipped": [],
      "duration": 0,
      "root": true,
      "rootEmpty": true,
      "_timeout": 2000
    },
    {
      "uuid": "d2e8a886-c009-4fcb-9e29-e0e6f28705fc",
      "title": "",
      "fullFile": "cypress/e2e/web/002 - E2E Buonny Check/001 - E2E Login/004.e2e-login-vazio-BC.cy.js",
      "file": "cypress/e2e/web/002 - E2E Buonny Check/001 - E2E Login/004.e2e-login-vazio-BC.cy.js",
      "beforeHooks": [],
      "afterHooks": [],
      "tests": [],
      "suites": [
        {
          "uuid": "4645a5c1-d490-43a3-a67f-a81e3225bbfb",
          "title": "Buonny Check E2E - Login - campos vazios",
          "fullFile": "",
          "file": "",
          "beforeHooks": [],
          "afterHooks": [],
          "tests": [
            {
              "title": "sucesso",
              "fullTitle": "Buonny Check E2E - Login - campos vazios sucesso",
              "timedOut": null,
              "duration": 11998,
              "state": "passed",
              "speed": "slow",
              "pass": true,
              "fail": false,
              "pending": false,
              "context": null,
              "code": "cy.visit(\"https://tstbuonnycheck.buonny.com.br/#/signin\");\ncy.get(\"#mat-input-1\").type(Cypress.env(\"user_passwordBC\"), {\n  log: false\n});\ncy.get(\".mat-card-actions > .mat-focus-indicator\").click({\n  timeout: 20000\n});\ncy.get(\"#mat-error-0\", {\n  timeout: 20000\n}).should(\"have.text\", \"Campo obrigatório.\").should(\"be.visible\");",
              "err": {},
              "uuid": "e97649ca-3371-449f-81d5-a3a0759354c1",
              "parentUUID": "4645a5c1-d490-43a3-a67f-a81e3225bbfb",
              "isHook": false,
              "skipped": false
            }
          ],
          "suites": [],
          "passes": [
            "e97649ca-3371-449f-81d5-a3a0759354c1"
          ],
          "failures": [],
          "pending": [],
          "skipped": [],
          "duration": 11998,
          "root": false,
          "rootEmpty": false,
          "_timeout": 2000
        }
      ],
      "passes": [],
      "failures": [],
      "pending": [],
      "skipped": [],
      "duration": 0,
      "root": true,
      "rootEmpty": true,
      "_timeout": 2000
    },
    {
      "uuid": "bdb001ff-7813-4293-a990-0d7e280cbe19",
      "title": "",
      "fullFile": "cypress/e2e/web/002 - E2E Buonny Check/001 - E2E Login/005.e2e-login-erros-BC.cy.js",
      "file": "cypress/e2e/web/002 - E2E Buonny Check/001 - E2E Login/005.e2e-login-erros-BC.cy.js",
      "beforeHooks": [],
      "afterHooks": [],
      "tests": [],
      "suites": [
        {
          "uuid": "4017872f-972b-4940-850c-727da96a5167",
          "title": "Buonny Check E2E - Login - credenciais inválidas'",
          "fullFile": "",
          "file": "",
          "beforeHooks": [],
          "afterHooks": [],
          "tests": [
            {
              "title": "sucesso",
              "fullTitle": "Buonny Check E2E - Login - credenciais inválidas' sucesso",
              "timedOut": null,
              "duration": 12280,
              "state": "passed",
              "speed": "slow",
              "pass": true,
              "fail": false,
              "pending": false,
              "context": null,
              "code": "cy.visit(\"https://tstbuonnycheck.buonny.com.br/#/signin\");\ncy.get(\"#mat-input-0\").type(Cypress.env(\"user_nameBC\"), {\n  log: false\n});\ncy.get(\"#mat-input-1\").type(`123`, {\n  log: false\n});\ncy.get(\".mat-card-actions > .mat-focus-indicator\").click({\n  timeout: 20000\n});\ncy.get(\".mat-error\", {\n  timeout: 20000\n}).should(\"have.text\", \"Usuário ou senha incorretos.\").should(\"be.visible\");",
              "err": {},
              "uuid": "e46859b7-a56b-44d1-82d6-191f2174ce3b",
              "parentUUID": "4017872f-972b-4940-850c-727da96a5167",
              "isHook": false,
              "skipped": false
            }
          ],
          "suites": [],
          "passes": [
            "e46859b7-a56b-44d1-82d6-191f2174ce3b"
          ],
          "failures": [],
          "pending": [],
          "skipped": [],
          "duration": 12280,
          "root": false,
          "rootEmpty": false,
          "_timeout": 2000
        }
      ],
      "passes": [],
      "failures": [],
      "pending": [],
      "skipped": [],
      "duration": 0,
      "root": true,
      "rootEmpty": true,
      "_timeout": 2000
    },
    {
      "uuid": "538c0878-a845-48a7-8eb7-7007e231d47f",
      "title": "",
      "fullFile": "cypress/e2e/web/002 - E2E Buonny Check/002 - E2E Inclusão de ficha/001.e2e-inclusão_ficha_com_sucesso_BC.cy.js",
      "file": "cypress/e2e/web/002 - E2E Buonny Check/002 - E2E Inclusão de ficha/001.e2e-inclusão_ficha_com_sucesso_BC.cy.js",
      "beforeHooks": [],
      "afterHooks": [],
      "tests": [],
      "suites": [
        {
          "uuid": "b96722aa-209f-426d-968c-f2268e5b4b4b",
          "title": "Buonny Check E2E -Inclusão de ficha do profissional",
          "fullFile": "",
          "file": "",
          "beforeHooks": [],
          "afterHooks": [],
          "tests": [
            {
              "title": "sucesso",
              "fullTitle": "Buonny Check E2E -Inclusão de ficha do profissional sucesso",
              "timedOut": null,
              "duration": 171308,
              "state": "passed",
              "speed": "slow",
              "pass": true,
              "fail": false,
              "pending": false,
              "context": null,
              "code": "cy.get('[routerlink=\"/cadastro-ficha\"] > .menu-label').click({\n  timeout: 30000\n});\ncy.get(\"#mat-select-0\").click();\ncy.get(\".mat-option\").contains(/BUONNY CHECK(?! ST)/).click();\ncy.get(\":nth-child(3) > .nome > .mat-form-field-wrapper > .mat-form-field-flex > .mat-form-field-infix\").clear().type(\"Buonny Projetos e Serviços LTDA\");\ncy.get(\":nth-child(3) > .mat-form-field-type-mat-select > .mat-form-field-wrapper > .mat-form-field-flex > .mat-form-field-infix\").click();\ncy.get(\".mat-option\").contains(/TELEFONE/).click();\ncy.get(\":nth-child(3) > .dados > .mat-form-field-wrapper > .mat-form-field-flex > .mat-form-field-infix\").clear().type(\"11922059878\");\ncy.get(\":nth-child(2) > .nome > .mat-form-field-wrapper > .mat-form-field-flex > .mat-form-field-infix\").clear().type(\"Buonny Projetos e Serviços LTDA\");\ncy.get(\".dados-contato > :nth-child(2) > .mat-form-field-type-mat-select > .mat-form-field-wrapper > .mat-form-field-flex > .mat-form-field-infix\").click();\ncy.get(\".mat-option-text\").contains(/E-MAIL/).click();\ncy.get(\":nth-child(2) > .dados > .mat-form-field-wrapper > .mat-form-field-flex > .mat-form-field-infix\").clear().type(\"TESTES.AUTOMATIZADOS@buonny.com.br\");\ncy.get(\"#cdk-step-content-0-0 > form.ng-star-inserted > .mt-2 > .mat-focus-indicator > .mat-button-wrapper\").click();\ncy.get(\".ng-invalid.ng-star-inserted > :nth-child(2) > .mat-form-field > .mat-form-field-wrapper > .mat-form-field-flex > .mat-form-field-infix\").click();\ncy.get(\".mat-option\").contains(/AGREGADO/).click();\ncy.get(\"#mat-radio-25\").click();\ncy.get(\"form.ng-untouched > .d-flex > .mat-form-field > .mat-form-field-wrapper > .mat-form-field-flex > .mat-form-field-infix\").type(\"478.535.513-12\");\ncy.wait(5000);\ncy.get(\".mat-form-field.ng-tns-c106-85 > .mat-form-field-wrapper > .mat-form-field-flex > .mat-form-field-infix\").clear().type(\"Ricardo Monteiro Alves\");\n//cy.get(\"#mat-input-36\", { timeout: 10000 }).type(\"SONIA REGINA PERIN\");\ncy.get(\"body\").then($body => {\n  if ($body.find(\"#cdk-step-content-0-1 > form.ng-star-inserted > .dados-contato > legend > .mat-focus-indicator > .mat-button-wrapper > span\").length > 0) {\n    cy.get(\"#cdk-step-content-0-1 > form.ng-star-inserted > .dados-contato > legend > .mat-focus-indicator > .mat-button-wrapper > span\").click();\n  }\n});\ncy.get(\"#mat-select-value-49 > .mat-select-placeholder\").click();\ncy.get(\".mat-option\").contains(/COMERCIAL/).click();\ncy.get(\"#mat-input-37\").clear().type(\"Ricardo Monteiro Alves\");\ncy.get(\"#mat-input-38\").type(\"TESTES AUTOMATIZADOS\");\ncy.get(\"#cdk-step-content-0-1 > form.ng-star-inserted > .mt-2 > .mat-stepper-next\", {\n  timeout: 10000\n}).click();\ncy.get(\"#cdk-step-content-0-2 > form.ng-star-inserted > .mt-2 > .mat-stepper-next\", {\n  timeout: 10000\n}).click();\ncy.get(\"form.ng-untouched > :nth-child(6) > .celular-profissional > .mat-form-field-wrapper > .mat-form-field-flex > .mat-form-field-infix\").type(\"(27) 99692-7855\");\ncy.get(\"#cdk-step-content-0-3 > form.ng-untouched > .mt-2 > .mat-stepper-next\").click();\ncy.get(\"#cdk-step-content-0-4 > .ng-star-inserted > .mt-2 > .mat-stepper-next\").click();\ncy.get(\"#mat-input-20\").type(\"1000\");\ncy.get(\"#cdk-step-content-0-5 > form.ng-star-inserted > .mt-2 > .mat-stepper-next\").click();\ncy.get(\"#mat-radio-13\").click();\ncy.get(\"#mat-radio-15\").click();\ncy.get(\"#mat-radio-19\").click();\ncy.get(\"#mat-radio-21\").click();\ncy.get(\"#mat-radio-23\").click();\ncy.get(\"#mat-radio-11\").click();\ncy.get(\"#cdk-step-content-0-6 > .ng-star-inserted.ng-dirty > .mt-2 > .mat-raised-button > .mat-button-wrapper\").click();\ncy.get(\".mat-simple-snackbar > span\").then($span => {\n  const text = $span.text();\n  cy.get(\".mat-simple-snackbar > span\").then($span => {\n    const text = $span.text();\n    if (text === \"O profissional está em pesquisa. Aguarde o final das pesquisas.\") {\n      cy.log(\"Profissional está em pesquisa. Teste OK.\");\n    } else {\n      cy.get(\".mat-basic > .mat-button-wrapper\").click();\n      cy.get(\".mat-simple-snackbar > span\").should(\"have.text\", \"Ficha cadastrada com sucesso.\");\n    }\n  });\n});",
              "err": {},
              "uuid": "cb99310d-f0e2-40d1-886c-1cf9cd6ffe3e",
              "parentUUID": "b96722aa-209f-426d-968c-f2268e5b4b4b",
              "isHook": false,
              "skipped": false
            }
          ],
          "suites": [],
          "passes": [
            "cb99310d-f0e2-40d1-886c-1cf9cd6ffe3e"
          ],
          "failures": [],
          "pending": [],
          "skipped": [],
          "duration": 171308,
          "root": false,
          "rootEmpty": false,
          "_timeout": 2000
        }
      ],
      "passes": [],
      "failures": [],
      "pending": [],
      "skipped": [],
      "duration": 0,
      "root": true,
      "rootEmpty": true,
      "_timeout": 2000
    },
    {
      "uuid": "4e3d96fd-3ebf-4eca-ab0a-f5331b863132",
      "title": "",
      "fullFile": "cypress/e2e/web/002 - E2E Buonny Check/003 - E2E Consulta de Profssional/001.e2e-consulta-sucesso_BC.cy.js",
      "file": "cypress/e2e/web/002 - E2E Buonny Check/003 - E2E Consulta de Profssional/001.e2e-consulta-sucesso_BC.cy.js",
      "beforeHooks": [],
      "afterHooks": [],
      "tests": [],
      "suites": [
        {
          "uuid": "a0925197-9591-41c6-8c93-c1913de45af2",
          "title": "030 Buonny Check E2E - Consulta de profissional - Casos de sucesso",
          "fullFile": "",
          "file": "",
          "beforeHooks": [],
          "afterHooks": [],
          "tests": [
            {
              "title": "Consultar status do profissional, com sucesso",
              "fullTitle": "030 Buonny Check E2E - Consulta de profissional - Casos de sucesso Consultar status do profissional, com sucesso",
              "timedOut": null,
              "duration": 38472,
              "state": "passed",
              "speed": "slow",
              "pass": true,
              "fail": false,
              "pending": false,
              "context": null,
              "code": "cy.get('[routerlink=\"/consulta-profissional\"] > .menu-label').should(\"be.visible\").click({\n  timeout: 30000\n});\ncy.get(\"#mat-select-0\").click();\ncy.get(\".mat-option\").contains(/BUONNY CHECK(?! ST)/).click();\ncy.get(\"form.ng-untouched > .d-flex > .mat-form-field > .mat-form-field-wrapper > .mat-form-field-flex > .mat-form-field-infix\").type(\"646.146.860-95\");\ncy.get(\".mat-form-field.ng-tns-c106-13 > .mat-form-field-wrapper > .mat-form-field-flex > .mat-form-field-infix\").type(\"TST1A23\");\ncy.get(\".tipo-carga > .mat-form-field-wrapper > .mat-form-field-flex\").click();\ncy.get(\".mat-option\").contains(/AÇO/).click();\ncy.get(\".valor > .mat-form-field-wrapper > .mat-form-field-flex > .mat-form-field-infix\").click();\ncy.contains(\"span.mat-option-text\", /De R\\$.*0,01.*100\\.000,00/).click();\ncy.get(\":nth-child(1) > .d-flex > .estado > .mat-form-field-wrapper > .mat-form-field-flex > .mat-form-field-infix\").click();\ncy.get(\".mat-option\").contains(/SP/).click();\ncy.get(\":nth-child(6) > :nth-child(1) > .d-flex > .mat-form-field-type-mat-input > .mat-form-field-wrapper > .mat-form-field-flex > .mat-form-field-infix\").type(\"Adamantina\");\ncy.get(\":nth-child(2) > .d-flex > .estado > .mat-form-field-wrapper > .mat-form-field-flex > .mat-form-field-infix\").click();\ncy.get(\".mat-option\").contains(/SP/).click();\ncy.get(\":nth-child(2) > .d-flex > .mat-form-field-type-mat-input > .mat-form-field-wrapper > .mat-form-field-flex > .mat-form-field-infix\").type(\"Adamantina\");\ncy.get(\".button-default > .mat-button-wrapper\").click();\ncy.get(\".mr-3 > :nth-child(1) > :nth-child(1) > .ml-2\", {\n  timeout: 30000\n}).invoke(\"text\").should(\"match\", /PERFIL ADEQUADO AO RISCO|PERFIL ADEQUADO AO RISCO POR PRAZO|PERFIL COM INSUFICIÊNCIA DE DADOS|PERFIL DIVERGENTE|PERFIL EXPIRADO|EM ANALISE/);",
              "err": {},
              "uuid": "ec3fb5e1-476e-4d46-985b-081cab29118b",
              "parentUUID": "a0925197-9591-41c6-8c93-c1913de45af2",
              "isHook": false,
              "skipped": false
            }
          ],
          "suites": [],
          "passes": [
            "ec3fb5e1-476e-4d46-985b-081cab29118b"
          ],
          "failures": [],
          "pending": [],
          "skipped": [],
          "duration": 38472,
          "root": false,
          "rootEmpty": false,
          "_timeout": 2000
        }
      ],
      "passes": [],
      "failures": [],
      "pending": [],
      "skipped": [],
      "duration": 0,
      "root": true,
      "rootEmpty": true,
      "_timeout": 2000
    },
    {
      "uuid": "e349e41e-f325-4d18-a6d6-b25d6ccd7810",
      "title": "",
      "fullFile": "cypress/e2e/web/002 - E2E Buonny Check/003 - E2E Consulta de Profssional/002.e2e-consulta-erros-BC.cy.js",
      "file": "cypress/e2e/web/002 - E2E Buonny Check/003 - E2E Consulta de Profssional/002.e2e-consulta-erros-BC.cy.js",
      "beforeHooks": [],
      "afterHooks": [],
      "tests": [],
      "suites": [
        {
          "uuid": "6bd10e96-54b6-4266-b396-6ee9b2aebd2e",
          "title": "Buonny Check E2E - Consulta de profissional - Validação de Erros",
          "fullFile": "",
          "file": "",
          "beforeHooks": [],
          "afterHooks": [],
          "tests": [
            {
              "title": "Campos obrigatórios vazios",
              "fullTitle": "Buonny Check E2E - Consulta de profissional - Validação de Erros Campos obrigatórios vazios",
              "timedOut": null,
              "duration": 15295,
              "state": "passed",
              "speed": "slow",
              "pass": true,
              "fail": false,
              "pending": false,
              "context": null,
              "code": "cy.get('[routerlink=\"/consulta-profissional\"] > .menu-label').should(\"be.visible\").click({\n  timeout: 30000\n});\ncy.wait(5000);\ncy.get(\".mat-card-actions > :nth-child(1) > .mat-button-wrapper\").click({\n  force: true\n});\ncy.get(\".button-default\").click({\n  force: true\n});\ncy.get(\"mat-error:visible\").should(\"have.length\", 8).each($error => {\n  cy.wrap($error).should(\"contain.text\", \"Campo obrigatório\");\n});",
              "err": {},
              "uuid": "b2fa995d-ae46-4490-a394-f98a8330e90d",
              "parentUUID": "6bd10e96-54b6-4266-b396-6ee9b2aebd2e",
              "isHook": false,
              "skipped": false
            }
          ],
          "suites": [],
          "passes": [
            "b2fa995d-ae46-4490-a394-f98a8330e90d"
          ],
          "failures": [],
          "pending": [],
          "skipped": [],
          "duration": 15295,
          "root": false,
          "rootEmpty": false,
          "_timeout": 2000
        }
      ],
      "passes": [],
      "failures": [],
      "pending": [],
      "skipped": [],
      "duration": 0,
      "root": true,
      "rootEmpty": true,
      "_timeout": 2000
    }
  ],
  "meta": {
    "mocha": {
      "version": "7.2.0"
    },
    "mochawesome": {
      "options": {
        "quiet": false,
        "reportFilename": "mochawesome",
        "saveHtml": true,
        "saveJson": true,
        "consoleReporter": "spec",
        "useInlineDiffs": false,
        "code": true
      },
      "version": "7.1.4"
    },
    "marge": {
      "options": {
        "reportDir": "cypress/results",
        "overwrite": false,
        "html": true,
        "json": true
      },
      "version": "6.3.0"
    }
  }
}