{
  "stats": {
    "suites": 1,
    "tests": 1,
    "passes": 1,
    "pending": 0,
    "failures": 0,
    "start": "2025-10-16T18:57:31.521Z",
    "end": "2025-10-16T18:58:27.898Z",
    "duration": 56377,
    "testsRegistered": 1,
    "passPercent": 100,
    "pendingPercent": 0,
    "other": 0,
    "hasOther": false,
    "skipped": 0,
    "hasSkipped": false
  },
  "results": [
    {
      "uuid": "c2ff9304-6cbf-4aca-8fb6-4aec5eb0c94d",
      "title": "",
      "fullFile": "cypress/e2e/web/001 - E2E Portal Buonny/003 - E2E Alteração de SM/001 - Alteração de Placa e Motorista/001.e2e-alteracao-placa-motorista.cy.js",
      "file": "cypress/e2e/web/001 - E2E Portal Buonny/003 - E2E Alteração de SM/001 - Alteração de Placa e Motorista/001.e2e-alteracao-placa-motorista.cy.js",
      "beforeHooks": [],
      "afterHooks": [],
      "tests": [],
      "suites": [
        {
          "uuid": "d5a3c273-ef4d-46f8-9e49-ebbe31798050",
          "title": "Portal Buonny E2E - Alteração de SM - Alterar Placa, Motorista",
          "fullFile": "",
          "file": "",
          "beforeHooks": [],
          "afterHooks": [],
          "tests": [
            {
              "title": "Alterar a Placa e Motorista da SM com sucesso!",
              "fullTitle": "Portal Buonny E2E - Alteração de SM - Alterar Placa, Motorista Alterar a Placa e Motorista da SM com sucesso!",
              "timedOut": null,
              "duration": 55679,
              "state": "passed",
              "speed": "slow",
              "pass": true,
              "fail": false,
              "pending": false,
              "context": null,
              "code": "cy.fixture(\"numeroSM\").then(data => {\n  const numeroSM = data.numeroSM;\n  cy.get(\"#TViagViagemCodigoCliente\").clear().type(\"87906\");\n  cy.get(\"#TViagViagemViagCodigoSm\").clear().type(numeroSM);\n  cy.get(\":nth-child(3) > .btn\").click();\n  cy.get(\"#Recebsm0Placa\").then(campoPlaca => {\n    const valorAtual = campoPlaca.val();\n    if (valorAtual === \"HCJ6C26\") {\n      cy.get(\"#Recebsm0Placa\").clear().type(\"ARM9515\");\n      cy.get(\":nth-child(3) > .row-fluid\").click();\n    } else if (valorAtual === \"ARM9515\") {\n      cy.get(\"#Recebsm0Placa\").clear().type(\"HCJ6C26\");\n      cy.get(\":nth-child(3) > .row-fluid\").click();\n    } else {\n      throw new Error(`Valor inesperado no campo placa: \"${valorAtual}\"`);\n    }\n  });\n  cy.get(\"#TPfisPessoaFisicaPfisCpf\").then(campoCPF => {\n    const valorAtual = campoCPF.val();\n    if (valorAtual === \"04488742530\") {\n      cy.get(\"#TPfisPessoaFisicaPfisCpf\").clear().type(\"01180160169\");\n      cy.get(\":nth-child(5) > .row-fluid\").click();\n    } else if (valorAtual === \"01180160169\") {\n      cy.get(\"#TPfisPessoaFisicaPfisCpf\").clear().type(\"04488742530\");\n      cy.get(\":nth-child(5) > .row-fluid\").click();\n    } else {\n      throw new Error(`Valor inesperado no campo CPF: \"${valorAtual}\"`);\n    }\n  });\n  cy.wait(5000);\n  cy.get(\"input.btn\").click();\n  cy.get(\".alert\").should(\"contain\", \"Alteração realizada com sucesso\", {\n    timeout: 60000\n  });\n});",
              "err": {},
              "uuid": "ae072eae-e805-425e-a6b5-b91f66063478",
              "parentUUID": "d5a3c273-ef4d-46f8-9e49-ebbe31798050",
              "isHook": false,
              "skipped": false
            }
          ],
          "suites": [],
          "passes": [
            "ae072eae-e805-425e-a6b5-b91f66063478"
          ],
          "failures": [],
          "pending": [],
          "skipped": [],
          "duration": 55679,
          "root": false,
          "rootEmpty": false,
          "_timeout": 2000
        }
      ],
      "passes": [],
      "failures": [],
      "pending": [],
      "skipped": [],
      "duration": 0,
      "root": true,
      "rootEmpty": true,
      "_timeout": 2000
    }
  ],
  "meta": {
    "mocha": {
      "version": "7.2.0"
    },
    "mochawesome": {
      "options": {
        "quiet": false,
        "reportFilename": "mochawesome",
        "saveHtml": true,
        "saveJson": true,
        "consoleReporter": "spec",
        "useInlineDiffs": false,
        "code": true
      },
      "version": "7.1.4"
    },
    "marge": {
      "options": {
        "reportDir": "cypress/results",
        "overwrite": false,
        "html": true,
        "json": true
      },
      "version": "6.3.0"
    }
  }
}