{
  "stats": {
    "suites": 8,
    "tests": 12,
    "passes": 12,
    "pending": 0,
    "failures": 0,
    "testsRegistered": 12,
    "passPercent": 100,
    "pendingPercent": 0,
    "other": 0,
    "hasOther": false,
    "skipped": 0,
    "hasSkipped": false,
    "start": "2025-10-21T12:12:53.055Z",
    "end": "2025-10-21T12:31:35.805Z",
    "duration": 1122750
  },
  "results": [
    {
      "uuid": "a84961af-5af1-401d-b13b-207c1f488164",
      "title": "",
      "fullFile": "cypress/e2e/web/001 - E2E Portal Buonny/002 - E2E SM/001 - E2E Inclusão de SM/001 - Inclusão de SM Tela 001/001.e2e-inclusao-sm-tela-001.cy.js",
      "file": "cypress/e2e/web/001 - E2E Portal Buonny/002 - E2E SM/001 - E2E Inclusão de SM/001 - Inclusão de SM Tela 001/001.e2e-inclusao-sm-tela-001.cy.js",
      "beforeHooks": [],
      "afterHooks": [],
      "tests": [],
      "suites": [
        {
          "uuid": "e475bf37-815f-4b2d-9df9-78d6461d7507",
          "title": "Portal Buonny E2E - Inclusão de SM tela - 001: sucesso",
          "fullFile": "",
          "file": "",
          "beforeHooks": [],
          "afterHooks": [],
          "tests": [
            {
              "title": "Avançar,preenchendo todos campos obrigatórios",
              "fullTitle": "Portal Buonny E2E - Inclusão de SM tela - 001: sucesso Avançar,preenchendo todos campos obrigatórios",
              "timedOut": null,
              "duration": 127100,
              "state": "passed",
              "speed": "slow",
              "pass": true,
              "fail": false,
              "pending": false,
              "context": null,
              "code": "const entradas = {\n  codCliente: \"87906\",\n  transportador: \"BUONNY PROJETOS E SERVICOS\",\n  cpfMotorista: \"64614686095\",\n  cpfAjudante: \"075.421.058-84\",\n  placaTeste: \"TST1A23\"\n};\ncy.get(\"#TViagViagem2ViagCodigoCliente\").type(entradas.codCliente);\ncy.get(\"#consulta-incluir\").click();\ncy.get(\"#TViagViagem2ViagGrisPjurPessOrasCodigo\", {\n  timeout: 10000\n}).select(\"NÃO POSSUI GERENCIADORA\");\ncy.get(\"#TViagViagem2CodigoTransportador\", {\n  timeout: 10000\n}).select(entradas.transportador);\ncy.get(\"#TMotoMotorista2MotoCpf\").type(entradas.cpfMotorista);\ncy.get(\"#TMotoMotorista2Tipo\").select(\"CARRETEIRO\");\ncy.get(\"#btn-motorista\").click();\ncy.get(\"#TViagViagem2SelecionaTipo2\").select(\"A\");\ncy.get(\"#TMotoMotorista2MotoCpfAjudante\").type(entradas.cpfAjudante);\ncy.get(\"#TViagViagem2ViagGrisPjurPessOrasCodigoAjudante\").select(\"NÃO POSSUI GERENCIADORA\");\ncy.get(\"#TVeicVeiculo20VeicPlaca\").type(entradas.placaTeste);\ncy.wait(5000);\ncy.get(\"#consulta-incluir\").click();\ncy.url().should(\"include\", \"/SolicitacoesMonitoramento2/incluir/N/N/\");",
              "err": {},
              "uuid": "ec648675-1dcf-4258-baa6-b3b01faee36b",
              "parentUUID": "e475bf37-815f-4b2d-9df9-78d6461d7507",
              "isHook": false,
              "skipped": false
            }
          ],
          "suites": [],
          "passes": [
            "ec648675-1dcf-4258-baa6-b3b01faee36b"
          ],
          "failures": [],
          "pending": [],
          "skipped": [],
          "duration": 127100,
          "root": false,
          "rootEmpty": false,
          "_timeout": 2000
        }
      ],
      "passes": [],
      "failures": [],
      "pending": [],
      "skipped": [],
      "duration": 0,
      "root": true,
      "rootEmpty": true,
      "_timeout": 2000
    },
    {
      "uuid": "26d11161-2b85-431e-9fa4-961e3d54e440",
      "title": "",
      "fullFile": "cypress/e2e/web/001 - E2E Portal Buonny/002 - E2E SM/001 - E2E Inclusão de SM/001 - Inclusão de SM Tela 001/002.e2e-inclusao-sm-erros-tela-001.cy.js",
      "file": "cypress/e2e/web/001 - E2E Portal Buonny/002 - E2E SM/001 - E2E Inclusão de SM/001 - Inclusão de SM Tela 001/002.e2e-inclusao-sm-erros-tela-001.cy.js",
      "beforeHooks": [],
      "afterHooks": [],
      "tests": [],
      "suites": [
        {
          "uuid": "c5bd1cfe-98be-48d5-ae8e-952a6b6385ef",
          "title": "Portal Buonny E2E - Inclusão de SM tela - 001: Validar error em campos obrigatórios",
          "fullFile": "",
          "file": "",
          "beforeHooks": [],
          "afterHooks": [],
          "tests": [
            {
              "title": "Avançar sem preencher campos obrigatórios e validar erros",
              "fullTitle": "Portal Buonny E2E - Inclusão de SM tela - 001: Validar error em campos obrigatórios Avançar sem preencher campos obrigatórios e validar erros",
              "timedOut": null,
              "duration": 60194,
              "state": "passed",
              "speed": "slow",
              "pass": true,
              "fail": false,
              "pending": false,
              "context": null,
              "code": "const codCliente = \"87906\";\ncy.get(\"#TViagViagem2ViagCodigoCliente\").type(codCliente);\ncy.get(\"#consulta-incluir\").click();\ncy.get(\"#TViagViagem2ViagGrisPjurPessOrasCodigo\", {\n  timeout: 10000\n}).select(\"Selecione uma Gerenciadora\");\ncy.get(\"#btn-motorista\").click();\ncy.get(\"#TViagViagem2SelecionaTipo2\").select(\"A\");\ncy.get(\"#consulta-incluir\").click();\ncy.get(\".help-block.error-message\").should(\"contain\", \"Gerenciadora não selecionada\").and(\"be.visible\");\ncy.get(\".help-block.error-message\").should(\"contain\", \"Transportador não selecionado\").and(\"be.visible\");\ncy.get(\".help-block.error-message\").should(\"contain\", \"Informe o tipo do profissional\").and(\"be.visible\");\ncy.get(\".help-block.error-message\").should(\"contain\", \"Informe o veículo\").and(\"be.visible\");\ncy.get(\"#TViagViagem2ViagGrisPjurPessOrasCodigoAjudante\").select(\"Selecione uma Gerenciadora\");\ncy.get(\"#consulta-incluir\").click();\ncy.get(\".help-block.error-message\").should(\"contain\", \"Gerenciadora não selecionada\").and(\"be.visible\");",
              "err": {},
              "uuid": "a99a5972-c940-4a2a-9a0e-2b79c93a486d",
              "parentUUID": "c5bd1cfe-98be-48d5-ae8e-952a6b6385ef",
              "isHook": false,
              "skipped": false
            }
          ],
          "suites": [],
          "passes": [
            "a99a5972-c940-4a2a-9a0e-2b79c93a486d"
          ],
          "failures": [],
          "pending": [],
          "skipped": [],
          "duration": 60194,
          "root": false,
          "rootEmpty": false,
          "_timeout": 2000
        }
      ],
      "passes": [],
      "failures": [],
      "pending": [],
      "skipped": [],
      "duration": 0,
      "root": true,
      "rootEmpty": true,
      "_timeout": 2000
    },
    {
      "uuid": "6da01fdf-67f5-4b2d-82de-470be872aebe",
      "title": "",
      "fullFile": "cypress/e2e/web/001 - E2E Portal Buonny/002 - E2E SM/001 - E2E Inclusão de SM/002 - Inclusão de  SM Tela 002/001.e2e-inclusao-sm-tela-002.cy.js",
      "file": "cypress/e2e/web/001 - E2E Portal Buonny/002 - E2E SM/001 - E2E Inclusão de SM/002 - Inclusão de  SM Tela 002/001.e2e-inclusao-sm-tela-002.cy.js",
      "beforeHooks": [],
      "afterHooks": [],
      "tests": [],
      "suites": [
        {
          "uuid": "3aba333b-a7e9-41e2-b027-75111582fe8f",
          "title": "Portal Buonny E2E - Inclusão de SM tela - 002: Inclusão de SM",
          "fullFile": "",
          "file": "",
          "beforeHooks": [],
          "afterHooks": [],
          "tests": [
            {
              "title": "gerar sm, preenchendo todos os campos obrigatórios",
              "fullTitle": "Portal Buonny E2E - Inclusão de SM tela - 002: Inclusão de SM gerar sm, preenchendo todos os campos obrigatórios",
              "timedOut": null,
              "duration": 177237,
              "state": "passed",
              "speed": "slow",
              "pass": true,
              "fail": false,
              "pending": false,
              "context": null,
              "code": "cy.consultaParaIncluirViaAPI();\ncy.get(\"#TViagViagem2ViagTtraCodigo\").select(\"71\", {\n  force: true\n});\ncy.get(\"#TVrotViagemRota2VrotRotaCodigoVisual-search\").click();\ncy.get(\"input.btn\", {\n  timeout: 10000\n}).should(\"exist\").click({\n  force: true\n});\ncy.get('[codigo=\"2615910\"] > :nth-child(2)', {\n  timeout: 20000\n}).click();\ncy.get(\".blockOverlay\", {\n  timeout: 20000\n}).should(\"not.exist\");\ncy.get(\"#TViagViagem2ViagDataPrevisaoInicio\", {\n  timeout: 10000\n}).type(dataSm);\ncy.get(\"#TViagViagem2ViagHoraPrevisaoInicio\", {\n  timeout: 10000\n}).type(horaSm);\ncy.get(\"#Itinerario0DataPrevisaoDeChegada\", {\n  timeout: 10000\n}).type(dataChegadaSm);\ncy.get(\".blockOverlay\", {\n  timeout: 20000\n}).should(\"not.exist\");\ncy.get(\"#Itinerario0HoraPrevisaoDeChegada\", {\n  timeout: 10000\n}).type(\"13:00\");\ncy.get(\"#Itinerario0DadosDaCargaCarga0TipoProduto\", {\n  timeout: 10000\n}).select(\"CACAU\");\ncy.get(\"#Itinerario0DadosDaCargaCarga0ValorTotalNf\", {\n  timeout: 10000\n}).type(\"99,00\");\ncy.get(\"#GerarSm\").should(\"exist\").click({\n  force: true\n});\ncy.get(\".help-block.alert-success.form-actions.well\", {\n  timeout: 65000\n}).should(\"be.visible\").should(\"contain.text\", \"Os dados informados foram armazenados com sucesso para a SM\").invoke(\"text\").then(text => {\n  const match = text.match(/Nº (\\d+)/);\n  if (match) {\n    numeroSM = match[1];\n    cy.log(\"Número da SM:\", numeroSM);\n  } else {\n    cy.log(\"Número não encontrado!\");\n  }\n});\ncy.get(\".help-block\", {\n  timeout: 15000\n}).should(\"be.visible\").invoke(\"text\").then(texto => {\n  // Exemplo de texto: \"Os dados informados foram armazenados com sucesso para a SM de Nº 31693452!\"\n  const regex = /SM\\s*(?:de)?\\s*(?:Nº|número)?\\s*(\\d+)/i; // Captura o número após 'SM de Nº'\n  const match = texto.match(regex);\n  if (match) {\n    const numeroSM = match[1]; // extrai apenas o número\n    cy.log(\"Número SM capturado:\", numeroSM);\n    // Salva o arquivo JSON no fixtures\n    cy.writeFile(\"cypress/fixtures/numeroSM.json\", {\n      numeroSM\n    });\n    cy.log(numeroSM);\n  } else {\n    throw new Error(`Número SM não encontrado na mensagem: \"${texto}\"`);\n  }\n});",
              "err": {},
              "uuid": "a30dd066-04ec-4b22-b8da-665ef16daa39",
              "parentUUID": "3aba333b-a7e9-41e2-b027-75111582fe8f",
              "isHook": false,
              "skipped": false
            }
          ],
          "suites": [],
          "passes": [
            "a30dd066-04ec-4b22-b8da-665ef16daa39"
          ],
          "failures": [],
          "pending": [],
          "skipped": [],
          "duration": 177237,
          "root": false,
          "rootEmpty": false,
          "_timeout": 2000
        }
      ],
      "passes": [],
      "failures": [],
      "pending": [],
      "skipped": [],
      "duration": 0,
      "root": true,
      "rootEmpty": true,
      "_timeout": 2000
    },
    {
      "uuid": "da2c23dd-e9d9-4358-90bc-ba31f066644f",
      "title": "",
      "fullFile": "cypress/e2e/web/001 - E2E Portal Buonny/002 - E2E SM/001 - E2E Inclusão de SM/002 - Inclusão de  SM Tela 002/002.e2e-inclusao-sm-erros-tela-002.cy.js",
      "file": "cypress/e2e/web/001 - E2E Portal Buonny/002 - E2E SM/001 - E2E Inclusão de SM/002 - Inclusão de  SM Tela 002/002.e2e-inclusao-sm-erros-tela-002.cy.js",
      "beforeHooks": [],
      "afterHooks": [],
      "tests": [],
      "suites": [
        {
          "uuid": "b43e697b-5875-4619-bbfa-3331355b4f72",
          "title": "Portal Buonny E2E - Inclusão de SM tela - 002: Validar erros em campos obrigatórios",
          "fullFile": "",
          "file": "",
          "beforeHooks": [],
          "afterHooks": [],
          "tests": [
            {
              "title": "avançar sem preencher nenhum dos campos",
              "fullTitle": "Portal Buonny E2E - Inclusão de SM tela - 002: Validar erros em campos obrigatórios avançar sem preencher nenhum dos campos",
              "timedOut": null,
              "duration": 61757,
              "state": "passed",
              "speed": "slow",
              "pass": true,
              "fail": false,
              "pending": false,
              "context": null,
              "code": "cy.get(\"#GerarSm\").should(\"exist\").click({\n  force: true\n});\ncy.get(\":nth-child(1) > .select > .help-block\").should(\"have.text\", \"Tipo de transporte não informado\").and(\"be.visible\");\ncy.get(\".span4 > :nth-child(1) > .control-group > .help-block\").should(\"have.text\", \"Dados do Alvo 1 Incompletos\").and(\"be.visible\");\ncy.get(\".span12 > .help-block\").should(\"have.text\", \"Informe a data e hora prevista de inicio da viagem\").and(\"be.visible\");\ncy.get(\".input-alvo > :nth-child(1) > .control-group > .help-block\").should(\"have.text\", \"Informe o destino da SM\").and(\"be.visible\");",
              "err": {},
              "uuid": "6766e54e-28fd-4c58-a06d-ccc12e07110f",
              "parentUUID": "b43e697b-5875-4619-bbfa-3331355b4f72",
              "isHook": false,
              "skipped": false
            },
            {
              "title": "avançar preenchendo \"Tipo de transporte, \"Rota\", \"Data de inicío\" e \"Hora\"",
              "fullTitle": "Portal Buonny E2E - Inclusão de SM tela - 002: Validar erros em campos obrigatórios avançar preenchendo \"Tipo de transporte, \"Rota\", \"Data de inicío\" e \"Hora\"",
              "timedOut": null,
              "duration": 132078,
              "state": "passed",
              "speed": "slow",
              "pass": true,
              "fail": false,
              "pending": false,
              "context": null,
              "code": "cy.get(\"#TViagViagem2ViagTtraCodigo\").should(\"exist\").select(\"71\", {\n  force: true\n});\ncy.get(\"#TVrotViagemRota2VrotRotaCodigoVisual-search\").click();\ncy.get(\"input.btn\").should(\"exist\").click({\n  force: true\n});\ncy.get('#TRotaRotaDescricao').type(\"2615910\");\ncy.get('[codigo=\"2615910\"] > :nth-child(2)', {\n  timeout: 10000\n}).click();\ncy.get(\".blockOverlay\", {\n  timeout: 100000\n}).should(\"not.exist\");\ncy.get(\"#TViagViagem2ViagDataPrevisaoInicio\").type(dataSm);\ncy.get(\"#TViagViagem2ViagHoraPrevisaoInicio\").type(\"13:00\");\ncy.get('#Itinerario0DataPrevisaoDeChegada').type(dataSm);\ncy.get('#Itinerario0HoraPrevisaoDeChegada').type(\"14:00\");\ncy.get('#Itinerario0DadosDaCargaCarga0Nf').type(\"1234\");\ncy.get(\"#GerarSm\").should(\"exist\").click({\n  force: true\n});\ncy.get('.span9 > .form-actions').should(\"have.text\", \"\\n\\t\\t\\t\\tErros:\\n\\t\\t\\t\\tRegra de Aceite - Regra para Valor Máximo não localizada \\t\\t\\t\\t\\n\\t\\t\\t\").and(\"be.visible\");",
              "err": {},
              "uuid": "776cbd16-2170-41d3-91f7-3dc007ead198",
              "parentUUID": "b43e697b-5875-4619-bbfa-3331355b4f72",
              "isHook": false,
              "skipped": false
            }
          ],
          "suites": [],
          "passes": [
            "6766e54e-28fd-4c58-a06d-ccc12e07110f",
            "776cbd16-2170-41d3-91f7-3dc007ead198"
          ],
          "failures": [],
          "pending": [],
          "skipped": [],
          "duration": 193835,
          "root": false,
          "rootEmpty": false,
          "_timeout": 2000
        }
      ],
      "passes": [],
      "failures": [],
      "pending": [],
      "skipped": [],
      "duration": 0,
      "root": true,
      "rootEmpty": true,
      "_timeout": 2000
    },
    {
      "uuid": "8dffd089-b990-4fa2-8613-c936920a06a9",
      "title": "",
      "fullFile": "cypress/e2e/web/001 - E2E Portal Buonny/002 - E2E SM/002 - E2E Alteração de SM/001 - Alteração de Placa e Motorista/001.e2e-alteracao-placa-motorista.cy.js",
      "file": "cypress/e2e/web/001 - E2E Portal Buonny/002 - E2E SM/002 - E2E Alteração de SM/001 - Alteração de Placa e Motorista/001.e2e-alteracao-placa-motorista.cy.js",
      "beforeHooks": [],
      "afterHooks": [],
      "tests": [],
      "suites": [
        {
          "uuid": "20d35233-fc6c-4f69-a1f0-8599fd3cb972",
          "title": "Portal Buonny E2E - Alteração de SM - Alterar Placa, Motorista",
          "fullFile": "",
          "file": "",
          "beforeHooks": [],
          "afterHooks": [],
          "tests": [
            {
              "title": "Alterar a Placa e Motorista da SM com sucesso!",
              "fullTitle": "Portal Buonny E2E - Alteração de SM - Alterar Placa, Motorista Alterar a Placa e Motorista da SM com sucesso!",
              "timedOut": null,
              "duration": 50545,
              "state": "passed",
              "speed": "slow",
              "pass": true,
              "fail": false,
              "pending": false,
              "context": null,
              "code": "cy.fixture(\"numeroSM\").then(data => {\n  const numeroSM = data.numeroSM;\n  cy.get(\"#TViagViagemCodigoCliente\").clear().type(\"87906\");\n  cy.get(\"#TViagViagemViagCodigoSm\").clear().type(numeroSM);\n  cy.get(\":nth-child(3) > .btn\").click();\n  cy.get(\"#Recebsm0Placa\").then(campoPlaca => {\n    const valorAtual = campoPlaca.val();\n    if (valorAtual === \"HCJ6C26\") {\n      cy.get(\"#Recebsm0Placa\").clear().type(\"TST1A23\");\n      cy.get(\":nth-child(3) > .row-fluid\").click();\n    } else if (valorAtual === \"TST1A23\") {\n      cy.get(\"#Recebsm0Placa\").clear().type(\"HCJ6C26\");\n      cy.get(\":nth-child(3) > .row-fluid\").click();\n    } else {\n      throw new Error(`Valor inesperado no campo placa: \"${valorAtual}\"`);\n    }\n  });\n  cy.get(\"#TPfisPessoaFisicaPfisCpf\").then(campoCPF => {\n    const valorAtual = campoCPF.val();\n    if (valorAtual === \"04488742530\") {\n      cy.get(\"#TPfisPessoaFisicaPfisCpf\").clear().type(\"01180160169\");\n      cy.get(\":nth-child(5) > .row-fluid\").click();\n    } else if (valorAtual === \"01180160169\") {\n      cy.get(\"#TPfisPessoaFisicaPfisCpf\").clear().type(\"04488742530\");\n      cy.get(\":nth-child(5) > .row-fluid\").click();\n    } else {\n      throw new Error(`Valor inesperado no campo CPF: \"${valorAtual}\"`);\n    }\n  });\n  cy.wait(5000);\n  cy.get(\"input.btn\").click();\n  cy.get(\".alert\").should(\"contain\", \"Alteração realizada com sucesso\", {\n    timeout: 60000\n  });\n});",
              "err": {},
              "uuid": "f6c30485-1590-4b00-a482-ebca13410e38",
              "parentUUID": "20d35233-fc6c-4f69-a1f0-8599fd3cb972",
              "isHook": false,
              "skipped": false
            }
          ],
          "suites": [],
          "passes": [
            "f6c30485-1590-4b00-a482-ebca13410e38"
          ],
          "failures": [],
          "pending": [],
          "skipped": [],
          "duration": 50545,
          "root": false,
          "rootEmpty": false,
          "_timeout": 2000
        }
      ],
      "passes": [],
      "failures": [],
      "pending": [],
      "skipped": [],
      "duration": 0,
      "root": true,
      "rootEmpty": true,
      "_timeout": 2000
    },
    {
      "uuid": "a2becd92-3051-41f8-a205-ee90e8759d85",
      "title": "",
      "fullFile": "cypress/e2e/web/001 - E2E Portal Buonny/002 - E2E SM/002 - E2E Alteração de SM/001 - Alteração de Placa e Motorista/002.e2e-alteracao-placa-motorista-erros.cy.js",
      "file": "cypress/e2e/web/001 - E2E Portal Buonny/002 - E2E SM/002 - E2E Alteração de SM/001 - Alteração de Placa e Motorista/002.e2e-alteracao-placa-motorista-erros.cy.js",
      "beforeHooks": [],
      "afterHooks": [],
      "tests": [],
      "suites": [
        {
          "uuid": "8e6044da-4388-4663-9d12-c413508c78b6",
          "title": "Portal Buonny E2E - Alteração de SM - Alterar Placa, Motorista - erros",
          "fullFile": "",
          "file": "",
          "beforeHooks": [],
          "afterHooks": [],
          "tests": [
            {
              "title": "Validação do Campo 'Cliente' e 'SM' na Alteração de Placa, Motorista e Categoria  ",
              "fullTitle": "Portal Buonny E2E - Alteração de SM - Alterar Placa, Motorista - erros Validação do Campo 'Cliente' e 'SM' na Alteração de Placa, Motorista e Categoria  ",
              "timedOut": null,
              "duration": 18022,
              "state": "passed",
              "speed": "slow",
              "pass": true,
              "fail": false,
              "pending": false,
              "context": null,
              "code": "cy.get(\"#TViagViagemCodigoCliente\").clear();\ncy.get(\"#TViagViagemViagCodigoSm\").clear();\ncy.get(\":nth-child(3) > .btn\").click();\ncy.get(\".help-block\").should(\"contain\", \"Cliente não informado\");\ncy.get(\"#TViagViagemCodigoCliente\").type(\"543\");\ncy.get(\":nth-child(3) > .btn\").click();\ncy.get(\".help-block\").should(\"contain\", \"SM não informada\");",
              "err": {},
              "uuid": "3e1418c2-9f31-41b9-b6b7-064660d7cbbe",
              "parentUUID": "8e6044da-4388-4663-9d12-c413508c78b6",
              "isHook": false,
              "skipped": false
            },
            {
              "title": "Tentar avançar com uma Placa e CPF não registrados, validando mensagens de erro",
              "fullTitle": "Portal Buonny E2E - Alteração de SM - Alterar Placa, Motorista - erros Tentar avançar com uma Placa e CPF não registrados, validando mensagens de erro",
              "timedOut": null,
              "duration": 31752,
              "state": "passed",
              "speed": "slow",
              "pass": true,
              "fail": false,
              "pending": false,
              "context": null,
              "code": "cy.fixture(\"numeroSM\").then(data => {\n  const numeroSM = data.numeroSM;\n  cy.get(\"#TViagViagemCodigoCliente\").clear().type(\"87906\");\n  cy.get(\"#TViagViagemViagCodigoSm\").clear().type(numeroSM);\n  cy.get(\":nth-child(3) > .btn\").click();\n  cy.wait(5000);\n  cy.get(\"#Recebsm0Placa\").clear().type(\"ebj8484\");\n  cy.get(\"#TPfisPessoaFisicaPfisCpf\").clear().type(\"10454578745\");\n  cy.get(\"input.btn\").click();\n  cy.get('[data-seq=\"0\"] > :nth-child(1) > .control-group > .help-block').should(\"contain\", \"O veículo informado é invalido\");\n  cy.get(\".row-fluid > .error > .help-block\").should(\"contain\", \"Informe o Motorista\");\n});",
              "err": {},
              "uuid": "bb455779-c7f0-4a29-a900-fd72bae73583",
              "parentUUID": "8e6044da-4388-4663-9d12-c413508c78b6",
              "isHook": false,
              "skipped": false
            }
          ],
          "suites": [],
          "passes": [
            "3e1418c2-9f31-41b9-b6b7-064660d7cbbe",
            "bb455779-c7f0-4a29-a900-fd72bae73583"
          ],
          "failures": [],
          "pending": [],
          "skipped": [],
          "duration": 49774,
          "root": false,
          "rootEmpty": false,
          "_timeout": 2000
        }
      ],
      "passes": [],
      "failures": [],
      "pending": [],
      "skipped": [],
      "duration": 0,
      "root": true,
      "rootEmpty": true,
      "_timeout": 2000
    },
    {
      "uuid": "5fd1c7e8-7811-4f13-8204-83b40a850350",
      "title": "",
      "fullFile": "cypress/e2e/web/001 - E2E Portal Buonny/002 - E2E SM/002 - E2E Alteração de SM/002 - Alteração de NF Produtos e Itinerários/001.e2e-alteracao-NF-Produtos-Itinerarios.cy.js",
      "file": "cypress/e2e/web/001 - E2E Portal Buonny/002 - E2E SM/002 - E2E Alteração de SM/002 - Alteração de NF Produtos e Itinerários/001.e2e-alteracao-NF-Produtos-Itinerarios.cy.js",
      "beforeHooks": [],
      "afterHooks": [],
      "tests": [],
      "suites": [
        {
          "uuid": "e13863bd-b88f-4284-8e8f-b949f6140d8a",
          "title": "Portal Buonny E2E - Alteração de SM - Alterar Notas Fiscais, Produtos e Itinerários",
          "fullFile": "",
          "file": "",
          "beforeHooks": [],
          "afterHooks": [],
          "tests": [
            {
              "title": "Alteração de Nota Fiscal e Produto na SM",
              "fullTitle": "Portal Buonny E2E - Alteração de SM - Alterar Notas Fiscais, Produtos e Itinerários Alteração de Nota Fiscal e Produto na SM",
              "timedOut": null,
              "duration": 43375,
              "state": "passed",
              "speed": "slow",
              "pass": true,
              "fail": false,
              "pending": false,
              "context": null,
              "code": "cy.fixture(\"numeroSM\").then(data => {\n  const numeroSM = data.numeroSM;\n  cy.log(numeroSM);\n  cy.get(\"#TViagViagemCodigoCliente\").clear().type(\"87906\");\n  cy.get(\"#TViagViagemViagCodigoSm\").clear().type(numeroSM);\n  cy.get(\"input.btn\").click();\n  cy.get(\".icon-list-alt\", {\n    timeout: 20000\n  }).click();\n  cy.get('[id^=\"Itinerario\"][id$=\"DataPrevisaoDeChegada\"]').type(`${dataChegadaSm}`, {\n    force: true\n  });\n  cy.get(\"#Itinerario0HoraPrevisaoDeChegada\").clear({\n    force: true\n  }).type(horaSm);\n  cy.get(\"#Itinerario0DadosDaCargaCarga0Nf\").clear({\n    force: true\n  }).type(\"123\");\n  cy.get(\"#Itinerario0DadosDaCargaCarga0TipoProduto\").select(\"CACAU\", {\n    force: true\n  });\n  cy.get(\"#Itinerario0DadosDaCargaCarga0ValorTotalNf\").clear({\n    force: true\n  }).type(\"5267\");\n  cy.get(\".form-actions > .btn-success\").click();\n  cy.get(\".alert\").contains(\"Os dados informados foram armazenados com sucesso!\", {\n    timeout: 60000\n  });\n});",
              "err": {},
              "uuid": "9772a351-c372-44be-9501-859034244ec7",
              "parentUUID": "e13863bd-b88f-4284-8e8f-b949f6140d8a",
              "isHook": false,
              "skipped": false
            },
            {
              "title": "Alterar Itinerário, adicionar parada com sucesso",
              "fullTitle": "Portal Buonny E2E - Alteração de SM - Alterar Notas Fiscais, Produtos e Itinerários Alterar Itinerário, adicionar parada com sucesso",
              "timedOut": null,
              "duration": 68389,
              "state": "passed",
              "speed": "slow",
              "pass": true,
              "fail": false,
              "pending": false,
              "context": null,
              "code": "cy.fixture(\"numeroSM\").then(data => {\n  const numeroSM = data.numeroSM;\n  console.log(numeroSM);\n  cy.get(\"#TViagViagemCodigoCliente\").clear().type(\"87906\");\n  cy.get(\"#TViagViagemViagCodigoSm\").clear().type(numeroSM);\n  cy.get(\"input.btn\").click();\n  cy.get(\".icon-globe\", {\n    timeout: 20000\n  }).click();\n  cy.get(\"#Itinerario0RefeCodigoVisual-search\").click();\n  cy.get(\":nth-child(4) > input.btn\", {\n    timeout: 20000\n  }).click();\n  cy.get('[codigo=\"13577259\"] > :nth-child(1)', {\n    timeout: 20000\n  }).click();\n  cy.get(\".blockOverlay\", {\n    timeout: 20000\n  }).should(\"not.exist\");\n  cy.get(\"#Itinerario0DataPrevisaoDeChegada\").type(dataChegadaSm);\n  cy.get(\"#Itinerario0HoraPrevisaoDeChegada\").type(\"13:00\");\n  cy.get(\"#Itinerario0TipoParada\").select(\"12\");\n  cy.get(\".form-actions > .btn-success\").click();\n  cy.get(\".alert\").contains(\"Os dados informados foram armazenados com sucesso!\", {\n    timeout: 60000\n  });\n});",
              "err": {},
              "uuid": "5ad43d4c-de92-48bc-b365-e8ffefff0601",
              "parentUUID": "e13863bd-b88f-4284-8e8f-b949f6140d8a",
              "isHook": false,
              "skipped": false
            }
          ],
          "suites": [],
          "passes": [
            "9772a351-c372-44be-9501-859034244ec7",
            "5ad43d4c-de92-48bc-b365-e8ffefff0601"
          ],
          "failures": [],
          "pending": [],
          "skipped": [],
          "duration": 111764,
          "root": false,
          "rootEmpty": false,
          "_timeout": 2000
        }
      ],
      "passes": [],
      "failures": [],
      "pending": [],
      "skipped": [],
      "duration": 0,
      "root": true,
      "rootEmpty": true,
      "_timeout": 2000
    },
    {
      "uuid": "2aceb9b7-d36c-4295-af87-4f7c64f0b989",
      "title": "",
      "fullFile": "cypress/e2e/web/001 - E2E Portal Buonny/002 - E2E SM/002 - E2E Alteração de SM/002 - Alteração de NF Produtos e Itinerários/002.e2e-alteracao-NF-Produtos-Itinerarios-erros.cy.js",
      "file": "cypress/e2e/web/001 - E2E Portal Buonny/002 - E2E SM/002 - E2E Alteração de SM/002 - Alteração de NF Produtos e Itinerários/002.e2e-alteracao-NF-Produtos-Itinerarios-erros.cy.js",
      "beforeHooks": [],
      "afterHooks": [],
      "tests": [],
      "suites": [
        {
          "uuid": "6fbe2027-1994-42c3-968a-745b25ebc429",
          "title": "Portal Buonny E2E - Alteração de SM - Alterar Notas Fiscais, Produtos e Itinerários - erros",
          "fullFile": "",
          "file": "",
          "beforeHooks": [],
          "afterHooks": [],
          "tests": [
            {
              "title": "Validação do campo 'Cliente', na alteração de itinerários",
              "fullTitle": "Portal Buonny E2E - Alteração de SM - Alterar Notas Fiscais, Produtos e Itinerários - erros Validação do campo 'Cliente', na alteração de itinerários",
              "timedOut": null,
              "duration": 13989,
              "state": "passed",
              "speed": "slow",
              "pass": true,
              "fail": false,
              "pending": false,
              "context": null,
              "code": "cy.get(\"#TViagViagemCodigoCliente\").clear();\ncy.get(\"#TViagViagemViagCodigoSm\").clear();\ncy.get(\"input.btn\").click();\ncy.get(\".help-block\").should(\"contain\", \"Informe um cliente\");",
              "err": {},
              "uuid": "35620b64-f81e-4c2f-8428-62c8a21ab31e",
              "parentUUID": "6fbe2027-1994-42c3-968a-745b25ebc429",
              "isHook": false,
              "skipped": false
            },
            {
              "title": "lnclusão de Itinerários, validação do campo 'Local Parada'",
              "fullTitle": "Portal Buonny E2E - Alteração de SM - Alterar Notas Fiscais, Produtos e Itinerários - erros lnclusão de Itinerários, validação do campo 'Local Parada'",
              "timedOut": null,
              "duration": 42791,
              "state": "passed",
              "speed": "slow",
              "pass": true,
              "fail": false,
              "pending": false,
              "context": null,
              "code": "cy.fixture(\"numeroSM\").then(data => {\n  const numeroSM = data.numeroSM;\n  cy.get(\"#TViagViagemCodigoCliente\").clear().type(\"87906\");\n  cy.get(\"#TViagViagemViagCodigoSm\").clear().type(numeroSM);\n  cy.get(\"input.btn\").click();\n  cy.get(\".icon-globe\", {\n    timeout: 10000\n  }).click();\n  cy.get(\".form-actions > .btn-success\").click();\n  cy.get(\".help-block\").should(\"contain\", \"Informe o destino da SM\");\n});",
              "err": {},
              "uuid": "b1d0f463-8513-4bd3-a63b-9ea661e7f88f",
              "parentUUID": "6fbe2027-1994-42c3-968a-745b25ebc429",
              "isHook": false,
              "skipped": false
            }
          ],
          "suites": [],
          "passes": [
            "35620b64-f81e-4c2f-8428-62c8a21ab31e",
            "b1d0f463-8513-4bd3-a63b-9ea661e7f88f"
          ],
          "failures": [],
          "pending": [],
          "skipped": [],
          "duration": 56780,
          "root": false,
          "rootEmpty": false,
          "_timeout": 2000
        }
      ],
      "passes": [],
      "failures": [],
      "pending": [],
      "skipped": [],
      "duration": 0,
      "root": true,
      "rootEmpty": true,
      "_timeout": 2000
    }
  ],
  "meta": {
    "mocha": {
      "version": "7.2.0"
    },
    "mochawesome": {
      "options": {
        "quiet": false,
        "reportFilename": "mochawesome",
        "saveHtml": true,
        "saveJson": true,
        "consoleReporter": "spec",
        "useInlineDiffs": false,
        "code": true
      },
      "version": "7.1.4"
    },
    "marge": {
      "options": {
        "reportDir": "cypress/results",
        "overwrite": false,
        "html": true,
        "json": true
      },
      "version": "6.3.0"
    }
  }
}