{
  "stats": {
    "suites": 1,
    "tests": 1,
    "passes": 1,
    "pending": 0,
    "failures": 0,
    "start": "2025-10-17T17:52:49.838Z",
    "end": "2025-10-17T17:53:04.647Z",
    "duration": 14809,
    "testsRegistered": 1,
    "passPercent": 100,
    "pendingPercent": 0,
    "other": 0,
    "hasOther": false,
    "skipped": 0,
    "hasSkipped": false
  },
  "results": [
    {
      "uuid": "7f66e608-dc1e-4e08-b405-8c70207874f2",
      "title": "",
      "fullFile": "cypress/e2e/web/002 - E2E Buonny Check/001 - E2E Login/005.e2e-login-erros-BC.cy.js",
      "file": "cypress/e2e/web/002 - E2E Buonny Check/001 - E2E Login/005.e2e-login-erros-BC.cy.js",
      "beforeHooks": [],
      "afterHooks": [],
      "tests": [],
      "suites": [
        {
          "uuid": "9c31324b-b88d-4932-979f-53644c48ce3d",
          "title": "Buonny Check E2E - Login - credenciais inválidas'",
          "fullFile": "",
          "file": "",
          "beforeHooks": [],
          "afterHooks": [],
          "tests": [
            {
              "title": "sucesso",
              "fullTitle": "Buonny Check E2E - Login - credenciais inválidas' sucesso",
              "timedOut": null,
              "duration": 7166,
              "state": "passed",
              "speed": "medium",
              "pass": true,
              "fail": false,
              "pending": false,
              "context": null,
              "code": "cy.visit(\"https://tstbuonnycheck.buonny.com.br/#/signin\");\ncy.get(\"#mat-input-0\").type(Cypress.env(\"user_nameBC\"), {\n  log: false\n});\ncy.get(\"#mat-input-1\").type(`123`, {\n  log: false\n});\ncy.get(\".mat-card-actions > .mat-focus-indicator\").click({\n  timeout: 20000\n});\ncy.get(\".mat-error\", {\n  timeout: 20000\n}).should(\"have.text\", \"Usuário ou senha incorretos.\").should(\"be.visible\");",
              "err": {},
              "uuid": "270de0ab-7789-4158-973f-be1116ed1827",
              "parentUUID": "9c31324b-b88d-4932-979f-53644c48ce3d",
              "isHook": false,
              "skipped": false
            }
          ],
          "suites": [],
          "passes": [
            "270de0ab-7789-4158-973f-be1116ed1827"
          ],
          "failures": [],
          "pending": [],
          "skipped": [],
          "duration": 7166,
          "root": false,
          "rootEmpty": false,
          "_timeout": 2000
        }
      ],
      "passes": [],
      "failures": [],
      "pending": [],
      "skipped": [],
      "duration": 0,
      "root": true,
      "rootEmpty": true,
      "_timeout": 2000
    }
  ],
  "meta": {
    "mocha": {
      "version": "7.2.0"
    },
    "mochawesome": {
      "options": {
        "quiet": false,
        "reportFilename": "mochawesome",
        "saveHtml": true,
        "saveJson": true,
        "consoleReporter": "spec",
        "useInlineDiffs": false,
        "code": true
      },
      "version": "7.1.4"
    },
    "marge": {
      "options": {
        "reportDir": "cypress/results",
        "overwrite": false,
        "html": true,
        "json": true
      },
      "version": "6.3.0"
    }
  }
}