{
  "stats": {
    "suites": 1,
    "tests": 2,
    "passes": 2,
    "pending": 0,
    "failures": 0,
    "testsRegistered": 2,
    "passPercent": 100,
    "pendingPercent": 0,
    "other": 0,
    "hasOther": false,
    "skipped": 0,
    "hasSkipped": false,
    "start": "2025-10-21T13:16:15.596Z",
    "end": "2025-10-21T13:17:04.856Z",
    "duration": 49260
  },
  "results": [
    {
      "uuid": "25426e17-83b7-4817-b8b3-c8e7d05b477b",
      "title": "",
      "fullFile": "cypress/e2e/web/001 - E2E Portal Buonny/002 - E2E SM/002 - E2E Alteração de SM/002 - Alteração de NF Produtos e Itinerários/002.e2e-alteracao-NF-Produtos-Itinerarios-erros.cy.js",
      "file": "cypress/e2e/web/001 - E2E Portal Buonny/002 - E2E SM/002 - E2E Alteração de SM/002 - Alteração de NF Produtos e Itinerários/002.e2e-alteracao-NF-Produtos-Itinerarios-erros.cy.js",
      "beforeHooks": [],
      "afterHooks": [],
      "tests": [],
      "suites": [
        {
          "uuid": "f400c24b-03d7-484d-925e-04bd9a25cba4",
          "title": "Portal Buonny E2E - Alteração de SM - Alterar Notas Fiscais, Produtos e Itinerários - erros",
          "fullFile": "",
          "file": "",
          "beforeHooks": [],
          "afterHooks": [],
          "tests": [
            {
              "title": "Validação do campo 'Cliente', na alteração de itinerários",
              "fullTitle": "Portal Buonny E2E - Alteração de SM - Alterar Notas Fiscais, Produtos e Itinerários - erros Validação do campo 'Cliente', na alteração de itinerários",
              "timedOut": null,
              "duration": 12995,
              "state": "passed",
              "speed": "slow",
              "pass": true,
              "fail": false,
              "pending": false,
              "context": null,
              "code": "cy.get(\"#TViagViagemCodigoCliente\").clear();\ncy.get(\"#TViagViagemViagCodigoSm\").clear();\ncy.get(\"input.btn\").click();\ncy.get(\".help-block\").should(\"contain\", \"Informe um cliente\");",
              "err": {},
              "uuid": "9e7df922-2ab9-417a-9e01-9b99eee3f2f0",
              "parentUUID": "f400c24b-03d7-484d-925e-04bd9a25cba4",
              "isHook": false,
              "skipped": false
            },
            {
              "title": "lnclusão de Itinerários, validação do campo 'Local Parada'",
              "fullTitle": "Portal Buonny E2E - Alteração de SM - Alterar Notas Fiscais, Produtos e Itinerários - erros lnclusão de Itinerários, validação do campo 'Local Parada'",
              "timedOut": null,
              "duration": 35766,
              "state": "passed",
              "speed": "slow",
              "pass": true,
              "fail": false,
              "pending": false,
              "context": null,
              "code": "cy.fixture(\"numeroSM\").then(data => {\n  const numeroSM = data.numeroSM;\n  cy.get(\"#TViagViagemCodigoCliente\").clear().type(\"87906\");\n  cy.get(\"#TViagViagemViagCodigoSm\").clear().type(numeroSM);\n  cy.get(\"input.btn\").click();\n  cy.get(\".icon-globe\", {\n    timeout: 10000\n  }).click();\n  cy.get(\".form-actions > .btn-success\").click();\n  cy.get(\".help-block\").should(\"contain\", \"Informe o destino da SM\");\n});",
              "err": {},
              "uuid": "8ea60f6f-a7d4-42a1-a063-a479565614b5",
              "parentUUID": "f400c24b-03d7-484d-925e-04bd9a25cba4",
              "isHook": false,
              "skipped": false
            }
          ],
          "suites": [],
          "passes": [
            "9e7df922-2ab9-417a-9e01-9b99eee3f2f0",
            "8ea60f6f-a7d4-42a1-a063-a479565614b5"
          ],
          "failures": [],
          "pending": [],
          "skipped": [],
          "duration": 48761,
          "root": false,
          "rootEmpty": false,
          "_timeout": 2000
        }
      ],
      "passes": [],
      "failures": [],
      "pending": [],
      "skipped": [],
      "duration": 0,
      "root": true,
      "rootEmpty": true,
      "_timeout": 2000
    }
  ],
  "meta": {
    "mocha": {
      "version": "7.2.0"
    },
    "mochawesome": {
      "options": {
        "quiet": false,
        "reportFilename": "mochawesome",
        "saveHtml": true,
        "saveJson": true,
        "consoleReporter": "spec",
        "useInlineDiffs": false,
        "code": true
      },
      "version": "7.1.4"
    },
    "marge": {
      "options": {
        "reportDir": "cypress/results",
        "overwrite": true,
        "html": true,
        "json": true
      },
      "version": "6.3.0"
    }
  }
}