{
  "stats": {
    "suites": 1,
    "tests": 1,
    "passes": 1,
    "pending": 0,
    "failures": 0,
    "start": "2025-10-15T12:46:36.314Z",
    "end": "2025-10-15T12:47:06.232Z",
    "duration": 29918,
    "testsRegistered": 1,
    "passPercent": 100,
    "pendingPercent": 0,
    "other": 0,
    "hasOther": false,
    "skipped": 0,
    "hasSkipped": false
  },
  "results": [
    {
      "uuid": "0f2a0364-3451-4935-84a9-e5d80b164efa",
      "title": "",
      "fullFile": "cypress/e2e/web/001 - E2E Portal Buonny/001 - E2E Login/001.e2e-login-PB.cy.js",
      "file": "cypress/e2e/web/001 - E2E Portal Buonny/001 - E2E Login/001.e2e-login-PB.cy.js",
      "beforeHooks": [],
      "afterHooks": [],
      "tests": [],
      "suites": [
        {
          "uuid": "b76c809e-c553-484d-97ba-944b3aec038b",
          "title": "Portal Buonny E2E - Login com credenciais válidas",
          "fullFile": "",
          "file": "",
          "beforeHooks": [],
          "afterHooks": [],
          "tests": [
            {
              "title": "Login PB sucesso",
              "fullTitle": "Portal Buonny E2E - Login com credenciais válidas Login PB sucesso",
              "timedOut": null,
              "duration": 29546,
              "state": "passed",
              "speed": "slow",
              "pass": true,
              "fail": false,
              "pending": false,
              "context": null,
              "code": "const user = Cypress.env(\"user_name\");\nconst password = Cypress.env(\"user_password\");\nconst options = {\n  cacheSession: false\n};\ncy.login(user, password, options);\ncy.url().should(\"include\", \"/Painel/modulo_admin\");",
              "err": {},
              "uuid": "c718161f-e49b-4ab0-8e07-f5739348c55a",
              "parentUUID": "b76c809e-c553-484d-97ba-944b3aec038b",
              "isHook": false,
              "skipped": false
            }
          ],
          "suites": [],
          "passes": [
            "c718161f-e49b-4ab0-8e07-f5739348c55a"
          ],
          "failures": [],
          "pending": [],
          "skipped": [],
          "duration": 29546,
          "root": false,
          "rootEmpty": false,
          "_timeout": 2000
        }
      ],
      "passes": [],
      "failures": [],
      "pending": [],
      "skipped": [],
      "duration": 0,
      "root": true,
      "rootEmpty": true,
      "_timeout": 2000
    }
  ],
  "meta": {
    "mocha": {
      "version": "7.2.0"
    },
    "mochawesome": {
      "options": {
        "quiet": false,
        "reportFilename": "mochawesome",
        "saveHtml": true,
        "saveJson": true,
        "consoleReporter": "spec",
        "useInlineDiffs": false,
        "code": true
      },
      "version": "7.1.4"
    },
    "marge": {
      "options": {
        "reportDir": "cypress/results",
        "overwrite": false,
        "html": true,
        "json": true
      },
      "version": "6.3.0"
    }
  }
}