{
  "stats": {
    "suites": 1,
    "tests": 1,
    "passes": 1,
    "pending": 0,
    "failures": 0,
    "start": "2025-10-15T20:04:36.862Z",
    "end": "2025-10-15T20:04:45.320Z",
    "duration": 8458,
    "testsRegistered": 1,
    "passPercent": 100,
    "pendingPercent": 0,
    "other": 0,
    "hasOther": false,
    "skipped": 0,
    "hasSkipped": false
  },
  "results": [
    {
      "uuid": "09730290-74a0-4176-9d37-7d6b80a7ef9b",
      "title": "",
      "fullFile": "cypress/e2e/web/002 - E2E Buonny Check/001 - E2E Login/004.e2e-login-vazio-BC.cy.js",
      "file": "cypress/e2e/web/002 - E2E Buonny Check/001 - E2E Login/004.e2e-login-vazio-BC.cy.js",
      "beforeHooks": [],
      "afterHooks": [],
      "tests": [],
      "suites": [
        {
          "uuid": "e5f32bf9-9c37-4e37-86f1-335641cba67d",
          "title": "Buonny Check E2E - Login - campos vazios",
          "fullFile": "",
          "file": "",
          "beforeHooks": [],
          "afterHooks": [],
          "tests": [
            {
              "title": "sucesso",
              "fullTitle": "Buonny Check E2E - Login - campos vazios sucesso",
              "timedOut": null,
              "duration": 2964,
              "state": "passed",
              "speed": "fast",
              "pass": true,
              "fail": false,
              "pending": false,
              "context": null,
              "code": "cy.visit(\"https://tstbuonnycheck.buonny.com.br/#/signin\");\ncy.get(\"#mat-input-1\").type(Cypress.env(\"user_passwordBC\"), {\n  log: false\n});\ncy.get(\".mat-card-actions > .mat-focus-indicator\").click({\n  timeout: 20000\n});\ncy.get(\"#mat-error-0\", {\n  timeout: 20000\n}).should(\"have.text\", \"Campo obrigatório.\").should(\"be.visible\");",
              "err": {},
              "uuid": "504f72b5-4421-420e-9f0f-614a216de2c7",
              "parentUUID": "e5f32bf9-9c37-4e37-86f1-335641cba67d",
              "isHook": false,
              "skipped": false
            }
          ],
          "suites": [],
          "passes": [
            "504f72b5-4421-420e-9f0f-614a216de2c7"
          ],
          "failures": [],
          "pending": [],
          "skipped": [],
          "duration": 2964,
          "root": false,
          "rootEmpty": false,
          "_timeout": 2000
        }
      ],
      "passes": [],
      "failures": [],
      "pending": [],
      "skipped": [],
      "duration": 0,
      "root": true,
      "rootEmpty": true,
      "_timeout": 2000
    }
  ],
  "meta": {
    "mocha": {
      "version": "7.2.0"
    },
    "mochawesome": {
      "options": {
        "quiet": false,
        "reportFilename": "mochawesome",
        "saveHtml": true,
        "saveJson": true,
        "consoleReporter": "spec",
        "useInlineDiffs": false,
        "code": true
      },
      "version": "7.1.4"
    },
    "marge": {
      "options": {
        "reportDir": "cypress/results",
        "overwrite": false,
        "html": true,
        "json": true
      },
      "version": "6.3.0"
    }
  }
}