{
  "stats": {
    "suites": 1,
    "tests": 1,
    "passes": 1,
    "pending": 0,
    "failures": 0,
    "start": "2025-10-15T13:03:36.762Z",
    "end": "2025-10-15T13:04:00.495Z",
    "duration": 23733,
    "testsRegistered": 1,
    "passPercent": 100,
    "pendingPercent": 0,
    "other": 0,
    "hasOther": false,
    "skipped": 0,
    "hasSkipped": false
  },
  "results": [
    {
      "uuid": "7d6bda7a-98b8-4d82-a66d-9b76737e0d6f",
      "title": "",
      "fullFile": "cypress/e2e/web/002 - E2E Buonny Check/003 - E2E Consulta de Profssional/002.e2e-consulta-erros-BC.cy.js",
      "file": "cypress/e2e/web/002 - E2E Buonny Check/003 - E2E Consulta de Profssional/002.e2e-consulta-erros-BC.cy.js",
      "beforeHooks": [],
      "afterHooks": [],
      "tests": [],
      "suites": [
        {
          "uuid": "7b01f67e-7e7b-4ec9-8961-f33d7fffefc0",
          "title": "Buonny Check E2E - Consulta de profissional - Validação de Erros",
          "fullFile": "",
          "file": "",
          "beforeHooks": [],
          "afterHooks": [],
          "tests": [
            {
              "title": "Campos obrigatórios vazios",
              "fullTitle": "Buonny Check E2E - Consulta de profissional - Validação de Erros Campos obrigatórios vazios",
              "timedOut": null,
              "duration": 17712,
              "state": "passed",
              "speed": "slow",
              "pass": true,
              "fail": false,
              "pending": false,
              "context": null,
              "code": "cy.get('[routerlink=\"/consulta-profissional\"] > .menu-label').should(\"be.visible\").click({\n  timeout: 30000\n});\ncy.wait(5000);\ncy.get(\".mat-card-actions > :nth-child(1) > .mat-button-wrapper\").click({\n  force: true\n});\ncy.get(\".button-default\").click({\n  force: true\n});\ncy.get(\"mat-error:visible\").should(\"have.length\", 8).each($error => {\n  cy.wrap($error).should(\"contain.text\", \"Campo obrigatório\");\n});",
              "err": {},
              "uuid": "292134d2-f2fc-4124-bedb-8317638906af",
              "parentUUID": "7b01f67e-7e7b-4ec9-8961-f33d7fffefc0",
              "isHook": false,
              "skipped": false
            }
          ],
          "suites": [],
          "passes": [
            "292134d2-f2fc-4124-bedb-8317638906af"
          ],
          "failures": [],
          "pending": [],
          "skipped": [],
          "duration": 17712,
          "root": false,
          "rootEmpty": false,
          "_timeout": 2000
        }
      ],
      "passes": [],
      "failures": [],
      "pending": [],
      "skipped": [],
      "duration": 0,
      "root": true,
      "rootEmpty": true,
      "_timeout": 2000
    }
  ],
  "meta": {
    "mocha": {
      "version": "7.2.0"
    },
    "mochawesome": {
      "options": {
        "quiet": false,
        "reportFilename": "mochawesome",
        "saveHtml": true,
        "saveJson": true,
        "consoleReporter": "spec",
        "useInlineDiffs": false,
        "code": true
      },
      "version": "7.1.4"
    },
    "marge": {
      "options": {
        "reportDir": "cypress/results",
        "overwrite": false,
        "html": true,
        "json": true
      },
      "version": "6.3.0"
    }
  }
}