{
  "stats": {
    "suites": 1,
    "tests": 1,
    "passes": 0,
    "pending": 0,
    "failures": 1,
    "start": "2025-10-15T20:19:19.712Z",
    "end": "2025-10-15T20:21:01.133Z",
    "duration": 101421,
    "testsRegistered": 1,
    "passPercent": 0,
    "pendingPercent": 0,
    "other": 0,
    "hasOther": false,
    "skipped": 0,
    "hasSkipped": false
  },
  "results": [
    {
      "uuid": "5ce6e318-9fe7-494e-a32b-047a97437aa7",
      "title": "",
      "fullFile": "cypress/e2e/web/001 - E2E Portal Buonny/003 - E2E Alteração de SM/002 - Alteração de NF Produtos e Itinerários/001.e2e-alteracao-NF-Produtos-Itinerarios.cy.js",
      "file": "cypress/e2e/web/001 - E2E Portal Buonny/003 - E2E Alteração de SM/002 - Alteração de NF Produtos e Itinerários/001.e2e-alteracao-NF-Produtos-Itinerarios.cy.js",
      "beforeHooks": [],
      "afterHooks": [],
      "tests": [],
      "suites": [
        {
          "uuid": "3f8bbc4d-ec65-44f4-a70a-1e5c4c4be002",
          "title": "Portal Buonny E2E - Alteração de SM - Alterar Notas Fiscais, Produtos e Itinerários",
          "fullFile": "",
          "file": "",
          "beforeHooks": [],
          "afterHooks": [],
          "tests": [
            {
              "title": "Alteração de Nota Fiscal e Produto na SM",
              "fullTitle": "Portal Buonny E2E - Alteração de SM - Alterar Notas Fiscais, Produtos e Itinerários Alteração de Nota Fiscal e Produto na SM",
              "timedOut": null,
              "duration": 100388,
              "state": "failed",
              "speed": null,
              "pass": false,
              "fail": true,
              "pending": false,
              "context": null,
              "code": "cy.fixture(\"numeroSM\").then(data => {\n  const numeroSM = data.numeroSM;\n  cy.get(\"#TViagViagemCodigoCliente\").clear().type(\"87906\");\n  cy.get(\"#TViagViagemViagCodigoSm\").clear().type(numeroSM);\n  cy.get(\"input.btn\").click();\n  cy.get(\".icon-list-alt\", {\n    timeout: 20000\n  }).click();\n  cy.get('[id^=\"Itinerario\"][id$=\"DataPrevisaoDeChegada\"]').type(`${dataChegadaSm}`, {\n    force: true\n  });\n  cy.get(\"#Itinerario0HoraPrevisaoDeChegada\").clear({\n    force: true\n  }).type(horaSm);\n  cy.get(\"#Itinerario0DadosDaCargaCarga0Nf\").clear({\n    force: true\n  }).type(\"123\");\n  cy.get(\"#Itinerario0DadosDaCargaCarga0TipoProduto\").select(\"CACAU\", {\n    force: true\n  });\n  cy.get(\"#Itinerario0DadosDaCargaCarga0ValorTotalNf\").clear({\n    force: true\n  }).type(\"5267\");\n  cy.get(\".form-actions > .btn-success\").click();\n  cy.get(\".alert.alert-success p\").should(\"have.text\", \"Os dados informados foram armazenados com sucesso!\");\n});",
              "err": {
                "message": "AssertionError: Timed out retrying after 60000ms: Expected to find element: `.alert.alert-success p`, but never found it.",
                "estack": "AssertionError: Timed out retrying after 60000ms: Expected to find element: `.alert.alert-success p`, but never found it.\n    at Context.eval (webpack://test/./cypress/e2e/web/001 - E2E Portal Buonny/003 - E2E Alteração de SM/002 - Alteração de NF Produtos e Itinerários/001.e2e-alteracao-NF-Produtos-Itinerarios.cy.js:49:45)\n    at getRet (https://tstportal.buonny.com.br/__cypress/runner/cypress_runner.js:121066:20)\n    at tryCatcher (https://tstportal.buonny.com.br/__cypress/runner/cypress_runner.js:1777:23)\n    at Promise.attempt.Promise.try (https://tstportal.buonny.com.br/__cypress/runner/cypress_runner.js:4285:29)\n    at Context.thenFn (https://tstportal.buonny.com.br/__cypress/runner/cypress_runner.js:121077:66)\n    at Context.then (https://tstportal.buonny.com.br/__cypress/runner/cypress_runner.js:121328:21)\n    at wrapped (https://tstportal.buonny.com.br/__cypress/runner/cypress_runner.js:141671:19)",
                "diff": null
              },
              "uuid": "bfede3d9-3d51-4cc4-bd7e-fca03e706486",
              "parentUUID": "3f8bbc4d-ec65-44f4-a70a-1e5c4c4be002",
              "isHook": false,
              "skipped": false
            }
          ],
          "suites": [],
          "passes": [],
          "failures": [
            "bfede3d9-3d51-4cc4-bd7e-fca03e706486"
          ],
          "pending": [],
          "skipped": [],
          "duration": 100388,
          "root": false,
          "rootEmpty": false,
          "_timeout": 2000
        }
      ],
      "passes": [],
      "failures": [],
      "pending": [],
      "skipped": [],
      "duration": 0,
      "root": true,
      "rootEmpty": true,
      "_timeout": 2000
    }
  ],
  "meta": {
    "mocha": {
      "version": "7.2.0"
    },
    "mochawesome": {
      "options": {
        "quiet": false,
        "reportFilename": "mochawesome",
        "saveHtml": true,
        "saveJson": true,
        "consoleReporter": "spec",
        "useInlineDiffs": false,
        "code": true
      },
      "version": "7.1.4"
    },
    "marge": {
      "options": {
        "reportDir": "cypress/results",
        "overwrite": false,
        "html": true,
        "json": true
      },
      "version": "6.3.0"
    }
  }
}