{
  "stats": {
    "suites": 1,
    "tests": 2,
    "passes": 2,
    "pending": 0,
    "failures": 0,
    "start": "2025-10-14T21:29:51.695Z",
    "end": "2025-10-14T21:30:42.246Z",
    "duration": 50551,
    "testsRegistered": 2,
    "passPercent": 100,
    "pendingPercent": 0,
    "other": 0,
    "hasOther": false,
    "skipped": 0,
    "hasSkipped": false
  },
  "results": [
    {
      "uuid": "cecbaa50-4f9f-408b-8678-4e328f3c377c",
      "title": "",
      "fullFile": "cypress/e2e/web/001 - E2E Portal Buonny/003 - E2E Alteração de SM/001 - Alteração de Placa e Motorista/002.e2e-alteracao-placa-motorista-erros.cy.js",
      "file": "cypress/e2e/web/001 - E2E Portal Buonny/003 - E2E Alteração de SM/001 - Alteração de Placa e Motorista/002.e2e-alteracao-placa-motorista-erros.cy.js",
      "beforeHooks": [],
      "afterHooks": [],
      "tests": [],
      "suites": [
        {
          "uuid": "bf897af9-2075-49c8-bceb-b717e80c391b",
          "title": "Portal Buonny E2E - Alteração de SM - Alterar Placa, Motorista - erros",
          "fullFile": "",
          "file": "",
          "beforeHooks": [],
          "afterHooks": [],
          "tests": [
            {
              "title": "Validação do Campo 'Cliente' e 'SM' na Alteração de Placa, Motorista e Categoria  ",
              "fullTitle": "Portal Buonny E2E - Alteração de SM - Alterar Placa, Motorista - erros Validação do Campo 'Cliente' e 'SM' na Alteração de Placa, Motorista e Categoria  ",
              "timedOut": null,
              "duration": 18687,
              "state": "passed",
              "speed": "slow",
              "pass": true,
              "fail": false,
              "pending": false,
              "context": null,
              "code": "cy.get(\"#TViagViagemCodigoCliente\").clear();\ncy.get(\"#TViagViagemViagCodigoSm\").clear();\ncy.get(\":nth-child(3) > .btn\").click();\ncy.get(\".help-block\").should(\"contain\", \"Cliente não informado\");\ncy.get(\"#TViagViagemCodigoCliente\").type(\"543\");\ncy.get(\":nth-child(3) > .btn\").click();\ncy.get(\".help-block\").should(\"contain\", \"SM não informada\");",
              "err": {},
              "uuid": "8802132e-585b-4d84-b1f7-fb5d24ea142e",
              "parentUUID": "bf897af9-2075-49c8-bceb-b717e80c391b",
              "isHook": false,
              "skipped": false
            },
            {
              "title": "Tentar avançar com uma Placa e CPF não registrados, validando mensagens de erro",
              "fullTitle": "Portal Buonny E2E - Alteração de SM - Alterar Placa, Motorista - erros Tentar avançar com uma Placa e CPF não registrados, validando mensagens de erro",
              "timedOut": null,
              "duration": 31112,
              "state": "passed",
              "speed": "slow",
              "pass": true,
              "fail": false,
              "pending": false,
              "context": null,
              "code": "cy.fixture(\"numeroSM\").then(data => {\n  const numeroSM = data.numeroSM;\n  cy.get(\"#TViagViagemCodigoCliente\").clear().type(\"87906\");\n  cy.get(\"#TViagViagemViagCodigoSm\").clear().type(numeroSM);\n  cy.get(\":nth-child(3) > .btn\").click();\n  cy.wait(5000);\n  cy.get(\"#Recebsm0Placa\").clear().type(\"ebj8484\");\n  cy.get(\"#TPfisPessoaFisicaPfisCpf\").clear().type(\"10454578745\");\n  cy.get(\"input.btn\").click();\n  cy.get('[data-seq=\"0\"] > :nth-child(1) > .control-group > .help-block').should(\"contain\", \"O veículo informado é invalido\");\n  cy.get(\".row-fluid > .error > .help-block\").should(\"contain\", \"Informe o Motorista\");\n});",
              "err": {},
              "uuid": "9de894a2-2a26-4819-be4f-4334949e24a2",
              "parentUUID": "bf897af9-2075-49c8-bceb-b717e80c391b",
              "isHook": false,
              "skipped": false
            }
          ],
          "suites": [],
          "passes": [
            "8802132e-585b-4d84-b1f7-fb5d24ea142e",
            "9de894a2-2a26-4819-be4f-4334949e24a2"
          ],
          "failures": [],
          "pending": [],
          "skipped": [],
          "duration": 49799,
          "root": false,
          "rootEmpty": false,
          "_timeout": 2000
        }
      ],
      "passes": [],
      "failures": [],
      "pending": [],
      "skipped": [],
      "duration": 0,
      "root": true,
      "rootEmpty": true,
      "_timeout": 2000
    }
  ],
  "meta": {
    "mocha": {
      "version": "7.2.0"
    },
    "mochawesome": {
      "options": {
        "quiet": false,
        "reportFilename": "mochawesome",
        "saveHtml": true,
        "saveJson": true,
        "consoleReporter": "spec",
        "useInlineDiffs": false,
        "code": true
      },
      "version": "7.1.4"
    },
    "marge": {
      "options": {
        "reportDir": "cypress/results",
        "overwrite": false,
        "html": true,
        "json": true
      },
      "version": "6.3.0"
    }
  }
}