{
  "stats": {
    "suites": 1,
    "tests": 1,
    "passes": 1,
    "pending": 0,
    "failures": 0,
    "start": "2025-10-15T13:55:39.552Z",
    "end": "2025-10-15T13:56:20.531Z",
    "duration": 40979,
    "testsRegistered": 1,
    "passPercent": 100,
    "pendingPercent": 0,
    "other": 0,
    "hasOther": false,
    "skipped": 0,
    "hasSkipped": false
  },
  "results": [
    {
      "uuid": "7e3e5818-9cfb-4932-9860-a3d1aa8c6c86",
      "title": "",
      "fullFile": "cypress/e2e/web/002 - E2E Buonny Check/003 - E2E Consulta de Profssional/001.e2e-consulta-sucesso_BC.cy.js",
      "file": "cypress/e2e/web/002 - E2E Buonny Check/003 - E2E Consulta de Profssional/001.e2e-consulta-sucesso_BC.cy.js",
      "beforeHooks": [],
      "afterHooks": [],
      "tests": [],
      "suites": [
        {
          "uuid": "36af7570-0b6e-4df8-8671-41abad1a3478",
          "title": "030 Buonny Check E2E - Consulta de profissional - Casos de sucesso",
          "fullFile": "",
          "file": "",
          "beforeHooks": [],
          "afterHooks": [],
          "tests": [
            {
              "title": "Consultar status do profissional, com sucesso",
              "fullTitle": "030 Buonny Check E2E - Consulta de profissional - Casos de sucesso Consultar status do profissional, com sucesso",
              "timedOut": null,
              "duration": 34059,
              "state": "passed",
              "speed": "slow",
              "pass": true,
              "fail": false,
              "pending": false,
              "context": null,
              "code": "cy.get('[routerlink=\"/consulta-profissional\"] > .menu-label').should(\"be.visible\").click({\n  timeout: 30000\n});\ncy.get(\"#mat-select-0\").click();\ncy.get(\".mat-option\").contains(/BUONNY CHECK(?! ST)/).click();\ncy.get(\"form.ng-untouched > .d-flex > .mat-form-field > .mat-form-field-wrapper > .mat-form-field-flex > .mat-form-field-infix\").type(\"646.146.860-95\");\ncy.get(\".mat-form-field.ng-tns-c106-13 > .mat-form-field-wrapper > .mat-form-field-flex > .mat-form-field-infix\").type(\"TST1A23\");\ncy.get(\".tipo-carga > .mat-form-field-wrapper > .mat-form-field-flex\").click();\ncy.get(\".mat-option\").contains(/AÇO/).click();\ncy.get(\".valor > .mat-form-field-wrapper > .mat-form-field-flex > .mat-form-field-infix\").click();\ncy.contains(\"span.mat-option-text\", /De R\\$.*0,01.*100\\.000,00/).click();\ncy.get(\":nth-child(1) > .d-flex > .estado > .mat-form-field-wrapper > .mat-form-field-flex > .mat-form-field-infix\").click();\ncy.get(\".mat-option\").contains(/SP/).click();\ncy.get(\":nth-child(6) > :nth-child(1) > .d-flex > .mat-form-field-type-mat-input > .mat-form-field-wrapper > .mat-form-field-flex > .mat-form-field-infix\").type(\"Adamantina\");\ncy.get(\":nth-child(2) > .d-flex > .estado > .mat-form-field-wrapper > .mat-form-field-flex > .mat-form-field-infix\").click();\ncy.get(\".mat-option\").contains(/SP/).click();\ncy.get(\":nth-child(2) > .d-flex > .mat-form-field-type-mat-input > .mat-form-field-wrapper > .mat-form-field-flex > .mat-form-field-infix\").type(\"Adamantina\");\ncy.get(\".button-default > .mat-button-wrapper\").click();\ncy.get(\".mr-3 > :nth-child(1) > :nth-child(1) > .ml-2\", {\n  timeout: 30000\n}).invoke(\"text\").should(\"match\", /PERFIL ADEQUADO AO RISCO|PERFIL ADEQUADO AO RISCO POR PRAZO|PERFIL COM INSUFICIÊNCIA DE DADOS|PERFIL DIVERGENTE|PERFIL EXPIRADO|EM ANALISE/);",
              "err": {},
              "uuid": "ab60c094-6970-498b-8a5b-6e39a25c627a",
              "parentUUID": "36af7570-0b6e-4df8-8671-41abad1a3478",
              "isHook": false,
              "skipped": false
            }
          ],
          "suites": [],
          "passes": [
            "ab60c094-6970-498b-8a5b-6e39a25c627a"
          ],
          "failures": [],
          "pending": [],
          "skipped": [],
          "duration": 34059,
          "root": false,
          "rootEmpty": false,
          "_timeout": 2000
        }
      ],
      "passes": [],
      "failures": [],
      "pending": [],
      "skipped": [],
      "duration": 0,
      "root": true,
      "rootEmpty": true,
      "_timeout": 2000
    }
  ],
  "meta": {
    "mocha": {
      "version": "7.2.0"
    },
    "mochawesome": {
      "options": {
        "quiet": false,
        "reportFilename": "mochawesome",
        "saveHtml": true,
        "saveJson": true,
        "consoleReporter": "spec",
        "useInlineDiffs": false,
        "code": true
      },
      "version": "7.1.4"
    },
    "marge": {
      "options": {
        "reportDir": "cypress/results",
        "overwrite": false,
        "html": true,
        "json": true
      },
      "version": "6.3.0"
    }
  }
}