{
  "stats": {
    "suites": 1,
    "tests": 2,
    "passes": 2,
    "pending": 0,
    "failures": 0,
    "start": "2025-10-16T19:08:23.828Z",
    "end": "2025-10-16T19:11:47.871Z",
    "duration": 204043,
    "testsRegistered": 2,
    "passPercent": 100,
    "pendingPercent": 0,
    "other": 0,
    "hasOther": false,
    "skipped": 0,
    "hasSkipped": false
  },
  "results": [
    {
      "uuid": "dac11e01-15c7-4a3e-8ab5-4de8587f84a0",
      "title": "",
      "fullFile": "cypress/e2e/web/001 - E2E Portal Buonny/002 - E2E Inclusão de SM/002 - Inclusão de  SM Tela 002/002.e2e-inclusao-sm-erros-tela-002.cy.js",
      "file": "cypress/e2e/web/001 - E2E Portal Buonny/002 - E2E Inclusão de SM/002 - Inclusão de  SM Tela 002/002.e2e-inclusao-sm-erros-tela-002.cy.js",
      "beforeHooks": [],
      "afterHooks": [],
      "tests": [],
      "suites": [
        {
          "uuid": "6384bf62-fc51-4c01-b5fd-97b52488bd64",
          "title": "Portal Buonny E2E - Inclusão de SM tela - 002: Validar erros em campos obrigatórios",
          "fullFile": "",
          "file": "",
          "beforeHooks": [],
          "afterHooks": [],
          "tests": [
            {
              "title": "avançar sem preencher nenhum dos campos",
              "fullTitle": "Portal Buonny E2E - Inclusão de SM tela - 002: Validar erros em campos obrigatórios avançar sem preencher nenhum dos campos",
              "timedOut": null,
              "duration": 59682,
              "state": "passed",
              "speed": "slow",
              "pass": true,
              "fail": false,
              "pending": false,
              "context": null,
              "code": "cy.get(\"#GerarSm\").should(\"exist\").click({\n  force: true\n});\ncy.get(\":nth-child(1) > .select > .help-block\").should(\"have.text\", \"Tipo de transporte não informado\").and(\"be.visible\");\ncy.get(\".span4 > :nth-child(1) > .control-group > .help-block\").should(\"have.text\", \"Dados do Alvo 1 Incompletos\").and(\"be.visible\");\ncy.get(\".span12 > .help-block\").should(\"have.text\", \"Informe a data e hora prevista de inicio da viagem\").and(\"be.visible\");\ncy.get(\".input-alvo > :nth-child(1) > .control-group > .help-block\").should(\"have.text\", \"Informe o destino da SM\").and(\"be.visible\");",
              "err": {},
              "uuid": "2d4319f1-bec5-4471-95d1-530a7a493de2",
              "parentUUID": "6384bf62-fc51-4c01-b5fd-97b52488bd64",
              "isHook": false,
              "skipped": false
            },
            {
              "title": "avançar preenchendo \"Tipo de transporte, \"Rota\", \"Data de inicío\" e \"Hora\"",
              "fullTitle": "Portal Buonny E2E - Inclusão de SM tela - 002: Validar erros em campos obrigatórios avançar preenchendo \"Tipo de transporte, \"Rota\", \"Data de inicío\" e \"Hora\"",
              "timedOut": null,
              "duration": 143102,
              "state": "passed",
              "speed": "slow",
              "pass": true,
              "fail": false,
              "pending": false,
              "context": null,
              "code": "cy.get(\"#TViagViagem2ViagTtraCodigo\").should(\"exist\").select(\"71\", {\n  force: true\n});\ncy.get(\"#TVrotViagemRota2VrotRotaCodigoVisual-search\").click();\ncy.get(\"input.btn\").should(\"exist\").click({\n  force: true\n});\ncy.get('#TRotaRotaDescricao').type(\"2615910\");\ncy.get('[codigo=\"2615910\"] > :nth-child(2)', {\n  timeout: 10000\n}).click();\ncy.get(\".blockOverlay\", {\n  timeout: 100000\n}).should(\"not.exist\");\ncy.get(\"#TViagViagem2ViagDataPrevisaoInicio\").type(dataSm);\ncy.get(\"#TViagViagem2ViagHoraPrevisaoInicio\").type(\"13:00\");\ncy.get('#Itinerario0DataPrevisaoDeChegada').type(dataSm);\ncy.get('#Itinerario0HoraPrevisaoDeChegada').type(\"14:00\");\ncy.get('#Itinerario0DadosDaCargaCarga0Nf').type(\"1234\");\ncy.get(\"#GerarSm\").should(\"exist\").click({\n  force: true\n});\ncy.get('.span9 > .form-actions').should(\"have.text\", \"\\n\\t\\t\\t\\tErros:\\n\\t\\t\\t\\tRegra de Aceite - Regra para Valor Máximo não localizada \\t\\t\\t\\t\\n\\t\\t\\t\").and(\"be.visible\");",
              "err": {},
              "uuid": "ff136f3c-db19-49d5-bccf-2fce1a850125",
              "parentUUID": "6384bf62-fc51-4c01-b5fd-97b52488bd64",
              "isHook": false,
              "skipped": false
            }
          ],
          "suites": [],
          "passes": [
            "2d4319f1-bec5-4471-95d1-530a7a493de2",
            "ff136f3c-db19-49d5-bccf-2fce1a850125"
          ],
          "failures": [],
          "pending": [],
          "skipped": [],
          "duration": 202784,
          "root": false,
          "rootEmpty": false,
          "_timeout": 2000
        }
      ],
      "passes": [],
      "failures": [],
      "pending": [],
      "skipped": [],
      "duration": 0,
      "root": true,
      "rootEmpty": true,
      "_timeout": 2000
    }
  ],
  "meta": {
    "mocha": {
      "version": "7.2.0"
    },
    "mochawesome": {
      "options": {
        "quiet": false,
        "reportFilename": "mochawesome",
        "saveHtml": true,
        "saveJson": true,
        "consoleReporter": "spec",
        "useInlineDiffs": false,
        "code": true
      },
      "version": "7.1.4"
    },
    "marge": {
      "options": {
        "reportDir": "cypress/results",
        "overwrite": false,
        "html": true,
        "json": true
      },
      "version": "6.3.0"
    }
  }
}