{
  "stats": {
    "suites": 1,
    "tests": 1,
    "passes": 1,
    "pending": 0,
    "failures": 0,
    "start": "2025-10-15T15:33:41.523Z",
    "end": "2025-10-15T15:34:21.485Z",
    "duration": 39962,
    "testsRegistered": 1,
    "passPercent": 100,
    "pendingPercent": 0,
    "other": 0,
    "hasOther": false,
    "skipped": 0,
    "hasSkipped": false
  },
  "results": [
    {
      "uuid": "ab469d8f-8fef-447d-86de-1ce785489bf3",
      "title": "",
      "fullFile": "cypress/e2e/web/001 - E2E Portal Buonny/001 - E2E Login/002.e2e-logout-PB.cy.js",
      "file": "cypress/e2e/web/001 - E2E Portal Buonny/001 - E2E Login/002.e2e-logout-PB.cy.js",
      "beforeHooks": [],
      "afterHooks": [],
      "tests": [],
      "suites": [
        {
          "uuid": "8070ac91-64c6-4924-9bad-8b8529ed6833",
          "title": "Portal Buonny E2E - Logout",
          "fullFile": "",
          "file": "",
          "beforeHooks": [],
          "afterHooks": [],
          "tests": [
            {
              "title": "logout, com sucesso",
              "fullTitle": "Portal Buonny E2E - Logout logout, com sucesso",
              "timedOut": null,
              "duration": 39725,
              "state": "passed",
              "speed": "slow",
              "pass": true,
              "fail": false,
              "pending": false,
              "context": null,
              "code": "cy.logout();\ncy.url().should(\"include\", \"/\");",
              "err": {},
              "uuid": "faa3e94c-638f-40e5-bc34-833d34e6baf2",
              "parentUUID": "8070ac91-64c6-4924-9bad-8b8529ed6833",
              "isHook": false,
              "skipped": false
            }
          ],
          "suites": [],
          "passes": [
            "faa3e94c-638f-40e5-bc34-833d34e6baf2"
          ],
          "failures": [],
          "pending": [],
          "skipped": [],
          "duration": 39725,
          "root": false,
          "rootEmpty": false,
          "_timeout": 2000
        }
      ],
      "passes": [],
      "failures": [],
      "pending": [],
      "skipped": [],
      "duration": 0,
      "root": true,
      "rootEmpty": true,
      "_timeout": 2000
    }
  ],
  "meta": {
    "mocha": {
      "version": "7.2.0"
    },
    "mochawesome": {
      "options": {
        "quiet": false,
        "reportFilename": "mochawesome",
        "saveHtml": true,
        "saveJson": true,
        "consoleReporter": "spec",
        "useInlineDiffs": false,
        "code": true
      },
      "version": "7.1.4"
    },
    "marge": {
      "options": {
        "reportDir": "cypress/results",
        "overwrite": false,
        "html": true,
        "json": true
      },
      "version": "6.3.0"
    }
  }
}