{
  "stats": {
    "suites": 1,
    "tests": 1,
    "passes": 1,
    "pending": 0,
    "failures": 0,
    "start": "2025-10-14T11:53:03.510Z",
    "end": "2025-10-14T11:53:23.868Z",
    "duration": 20358,
    "testsRegistered": 1,
    "passPercent": 100,
    "pendingPercent": 0,
    "other": 0,
    "hasOther": false,
    "skipped": 0,
    "hasSkipped": false
  },
  "results": [
    {
      "uuid": "5f868584-7ecc-4d03-861a-15296df5b005",
      "title": "",
      "fullFile": "cypress/e2e/web/002 - E2E Buonny Check/001 - E2E Login/001.e2e-login-com-sucesso-BC.cy.js",
      "file": "cypress/e2e/web/002 - E2E Buonny Check/001 - E2E Login/001.e2e-login-com-sucesso-BC.cy.js",
      "beforeHooks": [],
      "afterHooks": [],
      "tests": [],
      "suites": [
        {
          "uuid": "2b027c8c-58b1-45a8-a60e-0d2863b53bc6",
          "title": "Buonny Check E2E - Login - credenciais válidas",
          "fullFile": "",
          "file": "",
          "beforeHooks": [],
          "afterHooks": [],
          "tests": [
            {
              "title": "Buonny Check E2E - Login BC sucesso",
              "fullTitle": "Buonny Check E2E - Login - credenciais válidas Buonny Check E2E - Login BC sucesso",
              "timedOut": null,
              "duration": 15168,
              "state": "passed",
              "speed": "slow",
              "pass": true,
              "fail": false,
              "pending": false,
              "context": null,
              "code": "cy.visit(\"https://tstbuonnycheck.buonny.com.br/#/signin\");\ncy.get(\"#mat-input-0\").type(Cypress.env(\"user_nameBC\"), {\n  log: false\n});\ncy.get(\"#mat-input-1\").type(Cypress.env(\"user_passwordBC\"), {\n  log: false\n});\ncy.get(\".mat-card-actions > .mat-focus-indicator\").click({\n  timeout: 20000\n});\ncy.url({\n  timeout: 40000\n}).should(\"include\", \"https://tstbuonnycheck.buonny.com.br/#/dashboard\");",
              "err": {},
              "uuid": "c4a6d681-3f7b-407a-b3f7-5aa0213c7b70",
              "parentUUID": "2b027c8c-58b1-45a8-a60e-0d2863b53bc6",
              "isHook": false,
              "skipped": false
            }
          ],
          "suites": [],
          "passes": [
            "c4a6d681-3f7b-407a-b3f7-5aa0213c7b70"
          ],
          "failures": [],
          "pending": [],
          "skipped": [],
          "duration": 15168,
          "root": false,
          "rootEmpty": false,
          "_timeout": 2000
        }
      ],
      "passes": [],
      "failures": [],
      "pending": [],
      "skipped": [],
      "duration": 0,
      "root": true,
      "rootEmpty": true,
      "_timeout": 2000
    }
  ],
  "meta": {
    "mocha": {
      "version": "7.2.0"
    },
    "mochawesome": {
      "options": {
        "quiet": false,
        "reportFilename": "mochawesome",
        "saveHtml": true,
        "saveJson": true,
        "consoleReporter": "spec",
        "useInlineDiffs": false,
        "code": true
      },
      "version": "7.1.4"
    },
    "marge": {
      "options": {
        "reportDir": "cypress/results",
        "overwrite": false,
        "html": true,
        "json": true
      },
      "version": "6.3.0"
    }
  }
}