{
  "stats": {
    "suites": 1,
    "tests": 1,
    "passes": 1,
    "pending": 0,
    "failures": 0,
    "start": "2025-10-17T17:29:49.422Z",
    "end": "2025-10-17T17:30:33.923Z",
    "duration": 44501,
    "testsRegistered": 1,
    "passPercent": 100,
    "pendingPercent": 0,
    "other": 0,
    "hasOther": false,
    "skipped": 0,
    "hasSkipped": false
  },
  "results": [
    {
      "uuid": "20705e54-3e7a-4657-b799-08899e36e8c1",
      "title": "",
      "fullFile": "cypress/e2e/web/001 - E2E Portal Buonny/002 - E2E Inclusão de SM/001 - Inclusão de SM Tela 001/002.e2e-inclusao-sm-erros-tela-001.cy.js",
      "file": "cypress/e2e/web/001 - E2E Portal Buonny/002 - E2E Inclusão de SM/001 - Inclusão de SM Tela 001/002.e2e-inclusao-sm-erros-tela-001.cy.js",
      "beforeHooks": [],
      "afterHooks": [],
      "tests": [],
      "suites": [
        {
          "uuid": "b17b5bcb-21e9-465f-af30-477e5fcfbdef",
          "title": "Portal Buonny E2E - Inclusão de SM tela - 001: Validar error em campos obrigatórios",
          "fullFile": "",
          "file": "",
          "beforeHooks": [],
          "afterHooks": [],
          "tests": [
            {
              "title": "Avançar sem preencher campos obrigatórios e validar erros",
              "fullTitle": "Portal Buonny E2E - Inclusão de SM tela - 001: Validar error em campos obrigatórios Avançar sem preencher campos obrigatórios e validar erros",
              "timedOut": null,
              "duration": 44268,
              "state": "passed",
              "speed": "slow",
              "pass": true,
              "fail": false,
              "pending": false,
              "context": null,
              "code": "const codCliente = \"87906\";\ncy.get(\"#TViagViagem2ViagCodigoCliente\").type(codCliente);\ncy.get(\"#consulta-incluir\").click();\ncy.get(\"#TViagViagem2ViagGrisPjurPessOrasCodigo\", {\n  timeout: 10000\n}).select(\"Selecione uma Gerenciadora\");\ncy.get(\"#btn-motorista\").click();\ncy.get(\"#TViagViagem2SelecionaTipo2\").select(\"A\");\ncy.get(\"#consulta-incluir\").click();\ncy.get(\".help-block.error-message\").should(\"contain\", \"Gerenciadora não selecionada\").and(\"be.visible\");\ncy.get(\".help-block.error-message\").should(\"contain\", \"Transportador não selecionado\").and(\"be.visible\");\ncy.get(\".help-block.error-message\").should(\"contain\", \"Informe o tipo do profissional\").and(\"be.visible\");\ncy.get(\".help-block.error-message\").should(\"contain\", \"Informe o veículo\").and(\"be.visible\");\ncy.get(\"#TViagViagem2ViagGrisPjurPessOrasCodigoAjudante\").select(\"Selecione uma Gerenciadora\");\ncy.get(\"#consulta-incluir\").click();\ncy.get(\".help-block.error-message\").should(\"contain\", \"Gerenciadora não selecionada\").and(\"be.visible\");",
              "err": {},
              "uuid": "4aa8b2c4-6c15-4e78-9b6c-ac1ea36e6884",
              "parentUUID": "b17b5bcb-21e9-465f-af30-477e5fcfbdef",
              "isHook": false,
              "skipped": false
            }
          ],
          "suites": [],
          "passes": [
            "4aa8b2c4-6c15-4e78-9b6c-ac1ea36e6884"
          ],
          "failures": [],
          "pending": [],
          "skipped": [],
          "duration": 44268,
          "root": false,
          "rootEmpty": false,
          "_timeout": 2000
        }
      ],
      "passes": [],
      "failures": [],
      "pending": [],
      "skipped": [],
      "duration": 0,
      "root": true,
      "rootEmpty": true,
      "_timeout": 2000
    }
  ],
  "meta": {
    "mocha": {
      "version": "7.2.0"
    },
    "mochawesome": {
      "options": {
        "quiet": false,
        "reportFilename": "mochawesome",
        "saveHtml": true,
        "saveJson": true,
        "consoleReporter": "spec",
        "useInlineDiffs": false,
        "code": true
      },
      "version": "7.1.4"
    },
    "marge": {
      "options": {
        "reportDir": "cypress/results",
        "overwrite": false,
        "html": true,
        "json": true
      },
      "version": "6.3.0"
    }
  }
}